{"meta": {"format": 3, "version": "7.11.0", "timestamp": "2025-11-05T19:07:57.537823", "branch_coverage": false, "show_contexts": false}, "files": {"gao_dev\\__init__.py": {"executed_lines": [1, 8, 10], "summary": {"covered_lines": 2, "num_statements": 2, "percent_covered": 100.0, "percent_covered_display": "100", "missing_lines": 0, "excluded_lines": 0}, "missing_lines": [], "excluded_lines": [], "functions": {"": {"executed_lines": [1, 8, 10], "summary": {"covered_lines": 2, "num_statements": 2, "percent_covered": 100.0, "percent_covered_display": "100", "missing_lines": 0, "excluded_lines": 0}, "missing_lines": [], "excluded_lines": []}}, "classes": {"": {"executed_lines": [1, 8, 10], "summary": {"covered_lines": 2, "num_statements": 2, "percent_covered": 100.0, "percent_covered_display": "100", "missing_lines": 0, "excluded_lines": 0}, "missing_lines": [], "excluded_lines": []}}}, "gao_dev\\__version__.py": {"executed_lines": [1, 3, 4, 5, 6, 7], "summary": {"covered_lines": 5, "num_statements": 5, "percent_covered": 100.0, "percent_covered_display": "100", "missing_lines": 0, "excluded_lines": 0}, "missing_lines": [], "excluded_lines": [], "functions": {"": {"executed_lines": [1, 3, 4, 5, 6, 7], "summary": {"covered_lines": 5, "num_statements": 5, "percent_covered": 100.0, "percent_covered_display": "100", "missing_lines": 0, "excluded_lines": 0}, "missing_lines": [], "excluded_lines": []}}, "classes": {"": {"executed_lines": [1, 3, 4, 5, 6, 7], "summary": {"covered_lines": 5, "num_statements": 5, "percent_covered": 100.0, "percent_covered_display": "100", "missing_lines": 0, "excluded_lines": 0}, "missing_lines": [], "excluded_lines": []}}}, "gao_dev\\agents\\__init__.py": {"executed_lines": [], "summary": {"covered_lines": 0, "num_statements": 3, "percent_covered": 0.0, "percent_covered_display": "0", "missing_lines": 3, "excluded_lines": 0}, "missing_lines": [7, 13, 22], "excluded_lines": [], "functions": {"": {"executed_lines": [], "summary": {"covered_lines": 0, "num_statements": 3, "percent_covered": 0.0, "percent_covered_display": "0", "missing_lines": 3, "excluded_lines": 0}, "missing_lines": [7, 13, 22], "excluded_lines": []}}, "classes": {"": {"executed_lines": [], "summary": {"covered_lines": 0, "num_statements": 3, "percent_covered": 0.0, "percent_covered_display": "0", "missing_lines": 3, "excluded_lines": 0}, "missing_lines": [7, 13, 22], "excluded_lines": []}}}, "gao_dev\\agents\\base.py": {"executed_lines": [], "summary": {"covered_lines": 0, "num_statements": 75, "percent_covered": 0.0, "percent_covered_display": "0", "missing_lines": 75, "excluded_lines": 0}, "missing_lines": [9, 10, 11, 13, 14, 15, 18, 47, 67, 68, 69, 70, 71, 72, 73, 75, 76, 78, 80, 81, 83, 85, 86, 88, 90, 91, 93, 95, 96, 98, 100, 101, 103, 105, 115, 116, 118, 120, 121, 124, 125, 126, 130, 138, 140, 149, 150, 152, 161, 162, 164, 165, 186, 188, 197, 199, 212, 214, 216, 218, 220, 223, 242, 251, 253, 265, 270, 271, 274, 293, 302, 304, 316, 321, 322], "excluded_lines": [], "functions": {"BaseAgent.__init__": {"executed_lines": [], "summary": {"covered_lines": 0, "num_statements": 7, "percent_covered": 0.0, "percent_covered_display": "0", "missing_lines": 7, "excluded_lines": 0}, "missing_lines": [67, 68, 69, 70, 71, 72, 73], "excluded_lines": []}, "BaseAgent.name": {"executed_lines": [], "summary": {"covered_lines": 0, "num_statements": 1, "percent_covered": 0.0, "percent_covered_display": "0", "missing_lines": 1, "excluded_lines": 0}, "missing_lines": [78], "excluded_lines": []}, "BaseAgent.role": {"executed_lines": [], "summary": {"covered_lines": 0, "num_statements": 1, "percent_covered": 0.0, "percent_covered_display": "0", "missing_lines": 1, "excluded_lines": 0}, "missing_lines": [83], "excluded_lines": []}, "BaseAgent.persona": {"executed_lines": [], "summary": {"covered_lines": 0, "num_statements": 1, "percent_covered": 0.0, "percent_covered_display": "0", "missing_lines": 1, "excluded_lines": 0}, "missing_lines": [88], "excluded_lines": []}, "BaseAgent.tools": {"executed_lines": [], "summary": {"covered_lines": 0, "num_statements": 1, "percent_covered": 0.0, "percent_covered_display": "0", "missing_lines": 1, "excluded_lines": 0}, "missing_lines": [93], "excluded_lines": []}, "BaseAgent.model": {"executed_lines": [], "summary": {"covered_lines": 0, "num_statements": 1, "percent_covered": 0.0, "percent_covered_display": "0", "missing_lines": 1, "excluded_lines": 0}, "missing_lines": [98], "excluded_lines": []}, "BaseAgent.is_initialized": {"executed_lines": [], "summary": {"covered_lines": 0, "num_statements": 1, "percent_covered": 0.0, "percent_covered_display": "0", "missing_lines": 1, "excluded_lines": 0}, "missing_lines": [103], "excluded_lines": []}, "BaseAgent.initialize": {"executed_lines": [], "summary": {"covered_lines": 0, "num_statements": 8, "percent_covered": 0.0, "percent_covered_display": "0", "missing_lines": 8, "excluded_lines": 0}, "missing_lines": [115, 116, 118, 120, 121, 124, 125, 126], "excluded_lines": []}, "BaseAgent.cleanup": {"executed_lines": [], "summary": {"covered_lines": 0, "num_statements": 1, "percent_covered": 0.0, "percent_covered_display": "0", "missing_lines": 1, "excluded_lines": 0}, "missing_lines": [138], "excluded_lines": []}, "BaseAgent.__aenter__": {"executed_lines": [], "summary": {"covered_lines": 0, "num_statements": 2, "percent_covered": 0.0, "percent_covered_display": "0", "missing_lines": 2, "excluded_lines": 0}, "missing_lines": [149, 150], "excluded_lines": []}, "BaseAgent.__aexit__": {"executed_lines": [], "summary": {"covered_lines": 0, "num_statements": 2, "percent_covered": 0.0, "percent_covered_display": "0", "missing_lines": 2, "excluded_lines": 0}, "missing_lines": [161, 162], "excluded_lines": []}, "BaseAgent.execute_task": {"executed_lines": [], "summary": {"covered_lines": 0, "num_statements": 1, "percent_covered": 0.0, "percent_covered_display": "0", "missing_lines": 1, "excluded_lines": 0}, "missing_lines": [186], "excluded_lines": []}, "BaseAgent.get_capabilities": {"executed_lines": [], "summary": {"covered_lines": 0, "num_statements": 1, "percent_covered": 0.0, "percent_covered_display": "0", "missing_lines": 1, "excluded_lines": 0}, "missing_lines": [197], "excluded_lines": []}, "BaseAgent.can_handle_task": {"executed_lines": [], "summary": {"covered_lines": 0, "num_statements": 1, "percent_covered": 0.0, "percent_covered_display": "0", "missing_lines": 1, "excluded_lines": 0}, "missing_lines": [212], "excluded_lines": []}, "BaseAgent.__repr__": {"executed_lines": [], "summary": {"covered_lines": 0, "num_statements": 1, "percent_covered": 0.0, "percent_covered_display": "0", "missing_lines": 1, "excluded_lines": 0}, "missing_lines": [216], "excluded_lines": []}, "BaseAgent.__str__": {"executed_lines": [], "summary": {"covered_lines": 0, "num_statements": 1, "percent_covered": 0.0, "percent_covered_display": "0", "missing_lines": 1, "excluded_lines": 0}, "missing_lines": [220], "excluded_lines": []}, "PlanningAgent.get_capabilities": {"executed_lines": [], "summary": {"covered_lines": 0, "num_statements": 1, "percent_covered": 0.0, "percent_covered_display": "0", "missing_lines": 1, "excluded_lines": 0}, "missing_lines": [251], "excluded_lines": []}, "PlanningAgent.can_handle_task": {"executed_lines": [], "summary": {"covered_lines": 0, "num_statements": 3, "percent_covered": 0.0, "percent_covered_display": "0", "missing_lines": 3, "excluded_lines": 0}, "missing_lines": [265, 270, 271], "excluded_lines": []}, "ImplementationAgent.get_capabilities": {"executed_lines": [], "summary": {"covered_lines": 0, "num_statements": 1, "percent_covered": 0.0, "percent_covered_display": "0", "missing_lines": 1, "excluded_lines": 0}, "missing_lines": [302], "excluded_lines": []}, "ImplementationAgent.can_handle_task": {"executed_lines": [], "summary": {"covered_lines": 0, "num_statements": 3, "percent_covered": 0.0, "percent_covered_display": "0", "missing_lines": 3, "excluded_lines": 0}, "missing_lines": [316, 321, 322], "excluded_lines": []}, "": {"executed_lines": [], "summary": {"covered_lines": 0, "num_statements": 36, "percent_covered": 0.0, "percent_covered_display": "0", "missing_lines": 36, "excluded_lines": 0}, "missing_lines": [9, 10, 11, 13, 14, 15, 18, 47, 75, 76, 80, 81, 85, 86, 90, 91, 95, 96, 100, 101, 105, 130, 140, 152, 164, 165, 188, 199, 214, 218, 223, 242, 253, 274, 293, 304], "excluded_lines": []}}, "classes": {"BaseAgent": {"executed_lines": [], "summary": {"covered_lines": 0, "num_statements": 31, "percent_covered": 0.0, "percent_covered_display": "0", "missing_lines": 31, "excluded_lines": 0}, "missing_lines": [67, 68, 69, 70, 71, 72, 73, 78, 83, 88, 93, 98, 103, 115, 116, 118, 120, 121, 124, 125, 126, 138, 149, 150, 161, 162, 186, 197, 212, 216, 220], "excluded_lines": []}, "PlanningAgent": {"executed_lines": [], "summary": {"covered_lines": 0, "num_statements": 4, "percent_covered": 0.0, "percent_covered_display": "0", "missing_lines": 4, "excluded_lines": 0}, "missing_lines": [251, 265, 270, 271], "excluded_lines": []}, "ImplementationAgent": {"executed_lines": [], "summary": {"covered_lines": 0, "num_statements": 4, "percent_covered": 0.0, "percent_covered_display": "0", "missing_lines": 4, "excluded_lines": 0}, "missing_lines": [302, 316, 321, 322], "excluded_lines": []}, "": {"executed_lines": [], "summary": {"covered_lines": 0, "num_statements": 36, "percent_covered": 0.0, "percent_covered_display": "0", "missing_lines": 36, "excluded_lines": 0}, "missing_lines": [9, 10, 11, 13, 14, 15, 18, 47, 75, 76, 80, 81, 85, 86, 90, 91, 95, 96, 100, 101, 105, 130, 140, 152, 164, 165, 188, 199, 214, 218, 223, 242, 253, 274, 293, 304], "excluded_lines": []}}}, "gao_dev\\agents\\claude_agent.py": {"executed_lines": [], "summary": {"covered_lines": 0, "num_statements": 44, "percent_covered": 0.0, "percent_covered_display": "0", "missing_lines": 44, "excluded_lines": 0}, "missing_lines": [8, 9, 10, 11, 12, 14, 15, 16, 18, 21, 43, 65, 66, 68, 89, 90, 92, 99, 101, 106, 107, 114, 116, 118, 124, 125, 131, 137, 150, 153, 154, 155, 156, 159, 160, 161, 162, 165, 166, 168, 170, 177, 179, 193], "excluded_lines": [], "functions": {"ClaudeAgent.__init__": {"executed_lines": [], "summary": {"covered_lines": 0, "num_statements": 2, "percent_covered": 0.0, "percent_covered_display": "0", "missing_lines": 2, "excluded_lines": 0}, "missing_lines": [65, 66], "excluded_lines": []}, "ClaudeAgent.execute_task": {"executed_lines": [], "summary": {"covered_lines": 0, "num_statements": 13, "percent_covered": 0.0, "percent_covered_display": "0", "missing_lines": 13, "excluded_lines": 0}, "missing_lines": [89, 90, 92, 99, 101, 106, 107, 114, 116, 118, 124, 125, 131], "excluded_lines": []}, "ClaudeAgent._build_prompt": {"executed_lines": [], "summary": {"covered_lines": 0, "num_statements": 12, "percent_covered": 0.0, "percent_covered_display": "0", "missing_lines": 12, "excluded_lines": 0}, "missing_lines": [150, 153, 154, 155, 156, 159, 160, 161, 162, 165, 166, 168], "excluded_lines": []}, "ClaudeAgent.get_capabilities": {"executed_lines": [], "summary": {"covered_lines": 0, "num_statements": 1, "percent_covered": 0.0, "percent_covered_display": "0", "missing_lines": 1, "excluded_lines": 0}, "missing_lines": [177], "excluded_lines": []}, "ClaudeAgent.can_handle_task": {"executed_lines": [], "summary": {"covered_lines": 0, "num_statements": 1, "percent_covered": 0.0, "percent_covered_display": "0", "missing_lines": 1, "excluded_lines": 0}, "missing_lines": [193], "excluded_lines": []}, "": {"executed_lines": [], "summary": {"covered_lines": 0, "num_statements": 15, "percent_covered": 0.0, "percent_covered_display": "0", "missing_lines": 15, "excluded_lines": 0}, "missing_lines": [8, 9, 10, 11, 12, 14, 15, 16, 18, 21, 43, 68, 137, 170, 179], "excluded_lines": []}}, "classes": {"ClaudeAgent": {"executed_lines": [], "summary": {"covered_lines": 0, "num_statements": 29, "percent_covered": 0.0, "percent_covered_display": "0", "missing_lines": 29, "excluded_lines": 0}, "missing_lines": [65, 66, 89, 90, 92, 99, 101, 106, 107, 114, 116, 118, 124, 125, 131, 150, 153, 154, 155, 156, 159, 160, 161, 162, 165, 166, 168, 177, 193], "excluded_lines": []}, "": {"executed_lines": [], "summary": {"covered_lines": 0, "num_statements": 15, "percent_covered": 0.0, "percent_covered_display": "0", "missing_lines": 15, "excluded_lines": 0}, "missing_lines": [8, 9, 10, 11, 12, 14, 15, 16, 18, 21, 43, 68, 137, 170, 179], "excluded_lines": []}}}, "gao_dev\\agents\\exceptions.py": {"executed_lines": [], "summary": {"covered_lines": 0, "num_statements": 26, "percent_covered": 0.0, "percent_covered_display": "0", "missing_lines": 26, "excluded_lines": 0}, "missing_lines": [8, 10, 13, 21, 30, 31, 32, 34, 36, 37, 38, 39, 40, 41, 44, 46, 49, 51, 54, 56, 59, 61, 64, 66, 69, 71], "excluded_lines": [], "functions": {"AgentExecutionError.__init__": {"executed_lines": [], "summary": {"covered_lines": 0, "num_statements": 3, "percent_covered": 0.0, "percent_covered_display": "0", "missing_lines": 3, "excluded_lines": 0}, "missing_lines": [30, 31, 32], "excluded_lines": []}, "AgentExecutionError.__str__": {"executed_lines": [], "summary": {"covered_lines": 0, "num_statements": 6, "percent_covered": 0.0, "percent_covered_display": "0", "missing_lines": 6, "excluded_lines": 0}, "missing_lines": [36, 37, 38, 39, 40, 41], "excluded_lines": []}, "": {"executed_lines": [], "summary": {"covered_lines": 0, "num_statements": 17, "percent_covered": 0.0, "percent_covered_display": "0", "missing_lines": 17, "excluded_lines": 0}, "missing_lines": [8, 10, 13, 21, 34, 44, 46, 49, 51, 54, 56, 59, 61, 64, 66, 69, 71], "excluded_lines": []}}, "classes": {"AgentError": {"executed_lines": [], "summary": {"covered_lines": 0, "num_statements": 0, "percent_covered": 100.0, "percent_covered_display": "100", "missing_lines": 0, "excluded_lines": 0}, "missing_lines": [], "excluded_lines": []}, "AgentExecutionError": {"executed_lines": [], "summary": {"covered_lines": 0, "num_statements": 9, "percent_covered": 0.0, "percent_covered_display": "0", "missing_lines": 9, "excluded_lines": 0}, "missing_lines": [30, 31, 32, 36, 37, 38, 39, 40, 41], "excluded_lines": []}, "AgentInitializationError": {"executed_lines": [], "summary": {"covered_lines": 0, "num_statements": 0, "percent_covered": 100.0, "percent_covered_display": "100", "missing_lines": 0, "excluded_lines": 0}, "missing_lines": [], "excluded_lines": []}, "AgentNotFoundError": {"executed_lines": [], "summary": {"covered_lines": 0, "num_statements": 0, "percent_covered": 100.0, "percent_covered_display": "100", "missing_lines": 0, "excluded_lines": 0}, "missing_lines": [], "excluded_lines": []}, "AgentCreationError": {"executed_lines": [], "summary": {"covered_lines": 0, "num_statements": 0, "percent_covered": 100.0, "percent_covered_display": "100", "missing_lines": 0, "excluded_lines": 0}, "missing_lines": [], "excluded_lines": []}, "AgentValidationError": {"executed_lines": [], "summary": {"covered_lines": 0, "num_statements": 0, "percent_covered": 100.0, "percent_covered_display": "100", "missing_lines": 0, "excluded_lines": 0}, "missing_lines": [], "excluded_lines": []}, "RegistrationError": {"executed_lines": [], "summary": {"covered_lines": 0, "num_statements": 0, "percent_covered": 100.0, "percent_covered_display": "100", "missing_lines": 0, "excluded_lines": 0}, "missing_lines": [], "excluded_lines": []}, "DuplicateRegistrationError": {"executed_lines": [], "summary": {"covered_lines": 0, "num_statements": 0, "percent_covered": 100.0, "percent_covered_display": "100", "missing_lines": 0, "excluded_lines": 0}, "missing_lines": [], "excluded_lines": []}, "": {"executed_lines": [], "summary": {"covered_lines": 0, "num_statements": 17, "percent_covered": 0.0, "percent_covered_display": "0", "missing_lines": 17, "excluded_lines": 0}, "missing_lines": [8, 10, 13, 21, 34, 44, 46, 49, 51, 54, 56, 59, 61, 64, 66, 69, 71], "excluded_lines": []}}}, "gao_dev\\cli\\__init__.py": {"executed_lines": [], "summary": {"covered_lines": 0, "num_statements": 3, "percent_covered": 0.0, "percent_covered_display": "0", "missing_lines": 3, "excluded_lines": 0}, "missing_lines": [3, 4, 6], "excluded_lines": [], "functions": {"": {"executed_lines": [], "summary": {"covered_lines": 0, "num_statements": 3, "percent_covered": 0.0, "percent_covered_display": "0", "missing_lines": 3, "excluded_lines": 0}, "missing_lines": [3, 4, 6], "excluded_lines": []}}, "classes": {"": {"executed_lines": [], "summary": {"covered_lines": 0, "num_statements": 3, "percent_covered": 0.0, "percent_covered_display": "0", "missing_lines": 3, "excluded_lines": 0}, "missing_lines": [3, 4, 6], "excluded_lines": []}}}, "gao_dev\\cli\\commands.py": {"executed_lines": [], "summary": {"covered_lines": 0, "num_statements": 279, "percent_covered": 0.0, "percent_covered_display": "0", "missing_lines": 279, "excluded_lines": 0}, "missing_lines": [3, 4, 5, 6, 7, 10, 11, 13, 21, 22, 23, 26, 27, 28, 34, 37, 38, 39, 41, 43, 46, 52, 53, 54, 55, 58, 59, 60, 68, 69, 72, 73, 74, 75, 78, 79, 80, 81, 83, 84, 86, 87, 88, 89, 90, 93, 94, 95, 97, 98, 99, 101, 103, 105, 106, 107, 110, 111, 113, 114, 119, 120, 121, 124, 125, 126, 128, 129, 130, 131, 133, 135, 136, 137, 139, 141, 142, 143, 144, 145, 152, 154, 155, 156, 157, 160, 161, 162, 163, 165, 166, 167, 168, 170, 173, 174, 175, 176, 177, 180, 181, 182, 183, 184, 186, 188, 190, 191, 194, 195, 196, 199, 200, 203, 204, 206, 207, 208, 211, 212, 214, 215, 216, 218, 219, 220, 221, 223, 224, 225, 227, 228, 229, 232, 233, 235, 237, 238, 245, 246, 247, 249, 250, 252, 253, 255, 256, 257, 259, 260, 261, 262, 263, 264, 267, 268, 269, 270, 271, 273, 274, 275, 276, 278, 279, 281, 282, 283, 285, 286, 287, 288, 289, 290, 293, 294, 295, 296, 298, 299, 301, 302, 304, 305, 306, 308, 309, 310, 311, 312, 313, 316, 317, 318, 320, 321, 323, 324, 326, 327, 328, 330, 331, 332, 333, 334, 335, 338, 339, 341, 342, 344, 345, 347, 348, 349, 351, 352, 353, 354, 355, 356, 363, 364, 366, 369, 370, 376, 382, 383, 384, 385, 386, 387, 393, 410, 411, 412, 414, 415, 416, 417, 420, 421, 422, 424, 425, 427, 432, 433, 434, 435, 436, 437, 439, 440, 441, 442, 443, 444, 445, 446, 447, 449, 459, 460, 461, 462, 464, 466, 467, 468, 469, 470, 471, 479, 486, 489, 490], "excluded_lines": [], "functions": {"cli": {"executed_lines": [], "summary": {"covered_lines": 0, "num_statements": 1, "percent_covered": 0.0, "percent_covered_display": "0", "missing_lines": 1, "excluded_lines": 0}, "missing_lines": [34], "excluded_lines": []}, "init": {"executed_lines": [], "summary": {"covered_lines": 0, "num_statements": 27, "percent_covered": 0.0, "percent_covered_display": "0", "missing_lines": 27, "excluded_lines": 0}, "missing_lines": [41, 43, 46, 52, 53, 54, 55, 58, 59, 60, 68, 69, 72, 73, 74, 75, 78, 79, 80, 81, 83, 84, 86, 87, 88, 89, 90], "excluded_lines": []}, "health": {"executed_lines": [], "summary": {"covered_lines": 0, "num_statements": 15, "percent_covered": 0.0, "percent_covered_display": "0", "missing_lines": 15, "excluded_lines": 0}, "missing_lines": [97, 98, 99, 101, 103, 105, 106, 107, 110, 111, 113, 114, 119, 120, 121], "excluded_lines": []}, "list_workflows_cmd": {"executed_lines": [], "summary": {"covered_lines": 0, "num_statements": 19, "percent_covered": 0.0, "percent_covered_display": "0", "missing_lines": 19, "excluded_lines": 0}, "missing_lines": [128, 129, 130, 131, 133, 135, 136, 137, 139, 141, 142, 143, 144, 145, 152, 154, 155, 156, 157], "excluded_lines": []}, "execute": {"executed_lines": [], "summary": {"covered_lines": 0, "num_statements": 29, "percent_covered": 0.0, "percent_covered_display": "0", "missing_lines": 29, "excluded_lines": 0}, "missing_lines": [165, 166, 167, 168, 170, 173, 174, 175, 176, 177, 180, 181, 182, 183, 184, 186, 188, 190, 191, 194, 195, 196, 199, 200, 203, 204, 206, 207, 208], "excluded_lines": []}, "list_agents_cmd": {"executed_lines": [], "summary": {"covered_lines": 0, "num_statements": 13, "percent_covered": 0.0, "percent_covered_display": "0", "missing_lines": 13, "excluded_lines": 0}, "missing_lines": [214, 215, 216, 218, 219, 220, 221, 223, 224, 225, 227, 228, 229], "excluded_lines": []}, "version": {"executed_lines": [], "summary": {"covered_lines": 0, "num_statements": 3, "percent_covered": 0.0, "percent_covered_display": "0", "missing_lines": 3, "excluded_lines": 0}, "missing_lines": [235, 237, 238], "excluded_lines": []}, "create_prd": {"executed_lines": [], "summary": {"covered_lines": 0, "num_statements": 11, "percent_covered": 0.0, "percent_covered_display": "0", "missing_lines": 11, "excluded_lines": 0}, "missing_lines": [249, 250, 252, 253, 255, 259, 260, 261, 262, 263, 264], "excluded_lines": []}, "create_prd.run": {"executed_lines": [], "summary": {"covered_lines": 0, "num_statements": 2, "percent_covered": 0.0, "percent_covered_display": "0", "missing_lines": 2, "excluded_lines": 0}, "missing_lines": [256, 257], "excluded_lines": []}, "create_story": {"executed_lines": [], "summary": {"covered_lines": 0, "num_statements": 13, "percent_covered": 0.0, "percent_covered_display": "0", "missing_lines": 13, "excluded_lines": 0}, "missing_lines": [273, 274, 275, 276, 278, 279, 281, 285, 286, 287, 288, 289, 290], "excluded_lines": []}, "create_story.run": {"executed_lines": [], "summary": {"covered_lines": 0, "num_statements": 2, "percent_covered": 0.0, "percent_covered_display": "0", "missing_lines": 2, "excluded_lines": 0}, "missing_lines": [282, 283], "excluded_lines": []}, "implement_story": {"executed_lines": [], "summary": {"covered_lines": 0, "num_statements": 11, "percent_covered": 0.0, "percent_covered_display": "0", "missing_lines": 11, "excluded_lines": 0}, "missing_lines": [298, 299, 301, 302, 304, 308, 309, 310, 311, 312, 313], "excluded_lines": []}, "implement_story.run": {"executed_lines": [], "summary": {"covered_lines": 0, "num_statements": 2, "percent_covered": 0.0, "percent_covered_display": "0", "missing_lines": 2, "excluded_lines": 0}, "missing_lines": [305, 306], "excluded_lines": []}, "create_architecture": {"executed_lines": [], "summary": {"covered_lines": 0, "num_statements": 11, "percent_covered": 0.0, "percent_covered_display": "0", "missing_lines": 11, "excluded_lines": 0}, "missing_lines": [320, 321, 323, 324, 326, 330, 331, 332, 333, 334, 335], "excluded_lines": []}, "create_architecture.run": {"executed_lines": [], "summary": {"covered_lines": 0, "num_statements": 2, "percent_covered": 0.0, "percent_covered_display": "0", "missing_lines": 2, "excluded_lines": 0}, "missing_lines": [327, 328], "excluded_lines": []}, "run_health_check": {"executed_lines": [], "summary": {"covered_lines": 0, "num_statements": 11, "percent_covered": 0.0, "percent_covered_display": "0", "missing_lines": 11, "excluded_lines": 0}, "missing_lines": [341, 342, 344, 345, 347, 351, 352, 353, 354, 355, 356], "excluded_lines": []}, "run_health_check.run": {"executed_lines": [], "summary": {"covered_lines": 0, "num_statements": 2, "percent_covered": 0.0, "percent_covered_display": "0", "missing_lines": 2, "excluded_lines": 0}, "missing_lines": [348, 349], "excluded_lines": []}, "metrics": {"executed_lines": [], "summary": {"covered_lines": 0, "num_statements": 1, "percent_covered": 0.0, "percent_covered_display": "0", "missing_lines": 1, "excluded_lines": 0}, "missing_lines": [366], "excluded_lines": []}, "metrics_export": {"executed_lines": [], "summary": {"covered_lines": 0, "num_statements": 40, "percent_covered": 0.0, "percent_covered_display": "0", "missing_lines": 40, "excluded_lines": 0}, "missing_lines": [410, 411, 412, 414, 415, 416, 417, 420, 421, 422, 424, 425, 427, 432, 433, 434, 435, 436, 437, 439, 440, 441, 442, 443, 444, 445, 446, 447, 449, 459, 460, 461, 462, 464, 466, 467, 468, 469, 470, 471], "excluded_lines": []}, "": {"executed_lines": [], "summary": {"covered_lines": 0, "num_statements": 64, "percent_covered": 0.0, "percent_covered_display": "0", "missing_lines": 64, "excluded_lines": 0}, "missing_lines": [3, 4, 5, 6, 7, 10, 11, 13, 21, 22, 23, 26, 27, 28, 37, 38, 39, 93, 94, 95, 124, 125, 126, 160, 161, 162, 163, 211, 212, 232, 233, 245, 246, 247, 267, 268, 269, 270, 271, 293, 294, 295, 296, 316, 317, 318, 338, 339, 363, 364, 369, 370, 376, 382, 383, 384, 385, 386, 387, 393, 479, 486, 489, 490], "excluded_lines": []}}, "classes": {"": {"executed_lines": [], "summary": {"covered_lines": 0, "num_statements": 279, "percent_covered": 0.0, "percent_covered_display": "0", "missing_lines": 279, "excluded_lines": 0}, "missing_lines": [3, 4, 5, 6, 7, 10, 11, 13, 21, 22, 23, 26, 27, 28, 34, 37, 38, 39, 41, 43, 46, 52, 53, 54, 55, 58, 59, 60, 68, 69, 72, 73, 74, 75, 78, 79, 80, 81, 83, 84, 86, 87, 88, 89, 90, 93, 94, 95, 97, 98, 99, 101, 103, 105, 106, 107, 110, 111, 113, 114, 119, 120, 121, 124, 125, 126, 128, 129, 130, 131, 133, 135, 136, 137, 139, 141, 142, 143, 144, 145, 152, 154, 155, 156, 157, 160, 161, 162, 163, 165, 166, 167, 168, 170, 173, 174, 175, 176, 177, 180, 181, 182, 183, 184, 186, 188, 190, 191, 194, 195, 196, 199, 200, 203, 204, 206, 207, 208, 211, 212, 214, 215, 216, 218, 219, 220, 221, 223, 224, 225, 227, 228, 229, 232, 233, 235, 237, 238, 245, 246, 247, 249, 250, 252, 253, 255, 256, 257, 259, 260, 261, 262, 263, 264, 267, 268, 269, 270, 271, 273, 274, 275, 276, 278, 279, 281, 282, 283, 285, 286, 287, 288, 289, 290, 293, 294, 295, 296, 298, 299, 301, 302, 304, 305, 306, 308, 309, 310, 311, 312, 313, 316, 317, 318, 320, 321, 323, 324, 326, 327, 328, 330, 331, 332, 333, 334, 335, 338, 339, 341, 342, 344, 345, 347, 348, 349, 351, 352, 353, 354, 355, 356, 363, 364, 366, 369, 370, 376, 382, 383, 384, 385, 386, 387, 393, 410, 411, 412, 414, 415, 416, 417, 420, 421, 422, 424, 425, 427, 432, 433, 434, 435, 436, 437, 439, 440, 441, 442, 443, 444, 445, 446, 447, 449, 459, 460, 461, 462, 464, 466, 467, 468, 469, 470, 471, 479, 486, 489, 490], "excluded_lines": []}}}, "gao_dev\\cli\\lifecycle_commands.py": {"executed_lines": [], "summary": {"covered_lines": 0, "num_statements": 474, "percent_covered": 0.0, "percent_covered_display": "0", "missing_lines": 474, "excluded_lines": 0}, "missing_lines": [8, 9, 10, 12, 13, 14, 15, 16, 17, 18, 19, 20, 23, 33, 35, 36, 37, 38, 39, 42, 43, 46, 47, 48, 49, 51, 53, 54, 57, 67, 69, 72, 73, 74, 81, 83, 84, 87, 97, 99, 100, 103, 106, 107, 109, 111, 112, 115, 125, 127, 128, 129, 132, 135, 136, 137, 138, 139, 142, 149, 151, 152, 155, 156, 162, 165, 166, 171, 177, 191, 192, 194, 195, 197, 200, 202, 203, 204, 207, 209, 210, 211, 212, 213, 214, 215, 216, 217, 219, 221, 222, 223, 225, 227, 228, 229, 230, 233, 234, 239, 245, 250, 267, 268, 270, 271, 273, 276, 278, 279, 280, 283, 285, 286, 287, 288, 289, 290, 291, 292, 293, 295, 297, 298, 299, 300, 303, 304, 305, 306, 307, 308, 311, 312, 314, 315, 316, 317, 320, 321, 327, 333, 350, 351, 353, 356, 359, 360, 361, 362, 364, 366, 367, 368, 369, 372, 373, 374, 385, 386, 388, 390, 391, 392, 393, 394, 395, 398, 399, 401, 403, 405, 407, 408, 409, 410, 412, 414, 416, 417, 418, 419, 422, 423, 432, 433, 435, 437, 438, 439, 441, 443, 444, 450, 452, 453, 454, 455, 458, 459, 464, 469, 482, 483, 485, 487, 491, 492, 493, 495, 496, 499, 500, 502, 503, 504, 506, 507, 508, 509, 510, 512, 513, 515, 516, 517, 519, 521, 522, 523, 524, 527, 528, 529, 534, 545, 546, 548, 552, 554, 556, 557, 558, 559, 561, 562, 564, 566, 567, 569, 570, 571, 572, 575, 576, 582, 588, 603, 604, 606, 609, 612, 613, 614, 615, 617, 619, 620, 621, 622, 625, 626, 627, 628, 629, 630, 631, 632, 633, 634, 635, 636, 637, 638, 663, 664, 667, 674, 675, 676, 677, 678, 679, 680, 681, 682, 683, 684, 685, 686, 687, 690, 691, 693, 695, 698, 703, 704, 705, 708, 709, 710, 712, 713, 714, 715, 716, 717, 718, 720, 722, 723, 724, 725, 726, 727, 730, 731, 740, 741, 743, 745, 746, 747, 749, 751, 752, 753, 756, 757, 758, 761, 762, 763, 765, 767, 768, 769, 770, 773, 774, 775, 776, 781, 782, 783, 784, 797, 798, 800, 803, 806, 807, 815, 823, 824, 825, 828, 829, 830, 832, 834, 835, 839, 841, 842, 843, 844, 847, 848, 849, 850, 861, 862, 864, 867, 868, 870, 871, 872, 875, 877, 878, 879, 882, 883, 884, 886, 888, 889, 893, 895, 896, 897, 898, 901, 902, 903, 904, 905, 916, 917, 919, 920, 923, 927, 928, 929, 932, 933, 934, 936, 938, 939, 940, 941, 942, 946, 948, 949, 950, 951, 954, 955, 961, 966, 971, 990, 991, 994, 995, 997, 999, 1000, 1001, 1003, 1005, 1006, 1013, 1017, 1019, 1020, 1022, 1024, 1027, 1028, 1030, 1031, 1032, 1033, 1036, 1037, 1040, 1041, 1042, 1043, 1044, 1047, 1049, 1050, 1051, 1052, 1056, 1063], "excluded_lines": [], "functions": {"_get_lifecycle_manager": {"executed_lines": [], "summary": {"covered_lines": 0, "num_statements": 15, "percent_covered": 0.0, "percent_covered_display": "0", "missing_lines": 15, "excluded_lines": 0}, "missing_lines": [33, 35, 36, 37, 38, 39, 42, 43, 46, 47, 48, 49, 51, 53, 54], "excluded_lines": []}, "_get_template_manager": {"executed_lines": [], "summary": {"covered_lines": 0, "num_statements": 8, "percent_covered": 0.0, "percent_covered_display": "0", "missing_lines": 8, "excluded_lines": 0}, "missing_lines": [67, 69, 72, 73, 74, 81, 83, 84], "excluded_lines": []}, "_get_search_manager": {"executed_lines": [], "summary": {"covered_lines": 0, "num_statements": 9, "percent_covered": 0.0, "percent_covered_display": "0", "missing_lines": 9, "excluded_lines": 0}, "missing_lines": [97, 99, 100, 103, 106, 107, 109, 111, 112], "excluded_lines": []}, "_get_health_metrics_manager": {"executed_lines": [], "summary": {"covered_lines": 0, "num_statements": 14, "percent_covered": 0.0, "percent_covered_display": "0", "missing_lines": 14, "excluded_lines": 0}, "missing_lines": [125, 127, 128, 129, 132, 135, 136, 137, 138, 139, 142, 149, 151, 152], "excluded_lines": []}, "lifecycle": {"executed_lines": [], "summary": {"covered_lines": 0, "num_statements": 1, "percent_covered": 0.0, "percent_covered_display": "0", "missing_lines": 1, "excluded_lines": 0}, "missing_lines": [162], "excluded_lines": []}, "archive": {"executed_lines": [], "summary": {"covered_lines": 0, "num_statements": 28, "percent_covered": 0.0, "percent_covered_display": "0", "missing_lines": 28, "excluded_lines": 0}, "missing_lines": [191, 192, 194, 195, 197, 200, 202, 203, 204, 207, 209, 210, 211, 212, 213, 214, 215, 216, 217, 219, 221, 222, 223, 225, 227, 228, 229, 230], "excluded_lines": []}, "cleanup": {"executed_lines": [], "summary": {"covered_lines": 0, "num_statements": 36, "percent_covered": 0.0, "percent_covered_display": "0", "missing_lines": 36, "excluded_lines": 0}, "missing_lines": [267, 268, 270, 271, 273, 276, 278, 279, 280, 283, 285, 286, 287, 288, 289, 290, 291, 292, 293, 295, 297, 298, 299, 300, 303, 304, 305, 306, 307, 308, 311, 312, 314, 315, 316, 317], "excluded_lines": []}, "retention_report": {"executed_lines": [], "summary": {"covered_lines": 0, "num_statements": 13, "percent_covered": 0.0, "percent_covered_display": "0", "missing_lines": 13, "excluded_lines": 0}, "missing_lines": [350, 351, 353, 356, 359, 360, 361, 362, 364, 366, 367, 368, 369], "excluded_lines": []}, "show_policy": {"executed_lines": [], "summary": {"covered_lines": 0, "num_statements": 24, "percent_covered": 0.0, "percent_covered_display": "0", "missing_lines": 24, "excluded_lines": 0}, "missing_lines": [385, 386, 388, 390, 391, 392, 393, 394, 395, 398, 399, 401, 403, 405, 407, 408, 409, 410, 412, 414, 416, 417, 418, 419], "excluded_lines": []}, "list_policies": {"executed_lines": [], "summary": {"covered_lines": 0, "num_statements": 14, "percent_covered": 0.0, "percent_covered_display": "0", "missing_lines": 14, "excluded_lines": 0}, "missing_lines": [432, 433, 435, 437, 438, 439, 441, 443, 444, 450, 452, 453, 454, 455], "excluded_lines": []}, "review_due": {"executed_lines": [], "summary": {"covered_lines": 0, "num_statements": 29, "percent_covered": 0.0, "percent_covered_display": "0", "missing_lines": 29, "excluded_lines": 0}, "missing_lines": [482, 483, 485, 487, 491, 492, 493, 495, 496, 499, 500, 502, 503, 504, 506, 507, 508, 509, 510, 512, 513, 515, 516, 517, 519, 521, 522, 523, 524], "excluded_lines": []}, "mark_reviewed": {"executed_lines": [], "summary": {"covered_lines": 0, "num_statements": 18, "percent_covered": 0.0, "percent_covered_display": "0", "missing_lines": 18, "excluded_lines": 0}, "missing_lines": [545, 546, 548, 552, 554, 556, 557, 558, 559, 561, 562, 564, 566, 567, 569, 570, 571, 572], "excluded_lines": []}, "governance_report": {"executed_lines": [], "summary": {"covered_lines": 0, "num_statements": 13, "percent_covered": 0.0, "percent_covered_display": "0", "missing_lines": 13, "excluded_lines": 0}, "missing_lines": [603, 604, 606, 609, 612, 613, 614, 615, 617, 619, 620, 621, 622], "excluded_lines": []}, "create": {"executed_lines": [], "summary": {"covered_lines": 0, "num_statements": 42, "percent_covered": 0.0, "percent_covered_display": "0", "missing_lines": 42, "excluded_lines": 0}, "missing_lines": [663, 664, 667, 674, 675, 676, 677, 678, 679, 680, 681, 682, 683, 684, 685, 686, 687, 690, 691, 693, 695, 698, 703, 704, 705, 708, 709, 710, 712, 713, 714, 715, 716, 717, 718, 720, 722, 723, 724, 725, 726, 727], "excluded_lines": []}, "list_templates": {"executed_lines": [], "summary": {"covered_lines": 0, "num_statements": 21, "percent_covered": 0.0, "percent_covered_display": "0", "missing_lines": 21, "excluded_lines": 0}, "missing_lines": [740, 741, 743, 745, 746, 747, 749, 751, 752, 753, 756, 757, 758, 761, 762, 763, 765, 767, 768, 769, 770], "excluded_lines": []}, "search": {"executed_lines": [], "summary": {"covered_lines": 0, "num_statements": 21, "percent_covered": 0.0, "percent_covered_display": "0", "missing_lines": 21, "excluded_lines": 0}, "missing_lines": [797, 798, 800, 803, 806, 807, 815, 823, 824, 825, 828, 829, 830, 832, 834, 835, 839, 841, 842, 843, 844], "excluded_lines": []}, "related": {"executed_lines": [], "summary": {"covered_lines": 0, "num_statements": 23, "percent_covered": 0.0, "percent_covered_display": "0", "missing_lines": 23, "excluded_lines": 0}, "missing_lines": [861, 862, 864, 867, 868, 870, 871, 872, 875, 877, 878, 879, 882, 883, 884, 886, 888, 889, 893, 895, 896, 897, 898], "excluded_lines": []}, "search_tags": {"executed_lines": [], "summary": {"covered_lines": 0, "num_statements": 22, "percent_covered": 0.0, "percent_covered_display": "0", "missing_lines": 22, "excluded_lines": 0}, "missing_lines": [916, 917, 919, 920, 923, 927, 928, 929, 932, 933, 934, 936, 938, 939, 940, 941, 942, 946, 948, 949, 950, 951], "excluded_lines": []}, "health": {"executed_lines": [], "summary": {"covered_lines": 0, "num_statements": 35, "percent_covered": 0.0, "percent_covered_display": "0", "missing_lines": 35, "excluded_lines": 0}, "missing_lines": [990, 991, 994, 995, 997, 999, 1000, 1001, 1003, 1005, 1006, 1013, 1017, 1019, 1020, 1022, 1024, 1027, 1028, 1030, 1031, 1032, 1033, 1036, 1037, 1040, 1041, 1042, 1043, 1044, 1047, 1049, 1050, 1051, 1052], "excluded_lines": []}, "register_lifecycle_commands": {"executed_lines": [], "summary": {"covered_lines": 0, "num_statements": 1, "percent_covered": 0.0, "percent_covered_display": "0", "missing_lines": 1, "excluded_lines": 0}, "missing_lines": [1063], "excluded_lines": []}, "": {"executed_lines": [], "summary": {"covered_lines": 0, "num_statements": 87, "percent_covered": 0.0, "percent_covered_display": "0", "missing_lines": 87, "excluded_lines": 0}, "missing_lines": [8, 9, 10, 12, 13, 14, 15, 16, 17, 18, 19, 20, 23, 57, 87, 115, 155, 156, 165, 166, 171, 177, 233, 234, 239, 245, 250, 320, 321, 327, 333, 372, 373, 374, 422, 423, 458, 459, 464, 469, 527, 528, 529, 534, 575, 576, 582, 588, 625, 626, 627, 628, 629, 630, 631, 632, 633, 634, 635, 636, 637, 638, 730, 731, 773, 774, 775, 776, 781, 782, 783, 784, 847, 848, 849, 850, 901, 902, 903, 904, 905, 954, 955, 961, 966, 971, 1056], "excluded_lines": []}}, "classes": {"": {"executed_lines": [], "summary": {"covered_lines": 0, "num_statements": 474, "percent_covered": 0.0, "percent_covered_display": "0", "missing_lines": 474, "excluded_lines": 0}, "missing_lines": [8, 9, 10, 12, 13, 14, 15, 16, 17, 18, 19, 20, 23, 33, 35, 36, 37, 38, 39, 42, 43, 46, 47, 48, 49, 51, 53, 54, 57, 67, 69, 72, 73, 74, 81, 83, 84, 87, 97, 99, 100, 103, 106, 107, 109, 111, 112, 115, 125, 127, 128, 129, 132, 135, 136, 137, 138, 139, 142, 149, 151, 152, 155, 156, 162, 165, 166, 171, 177, 191, 192, 194, 195, 197, 200, 202, 203, 204, 207, 209, 210, 211, 212, 213, 214, 215, 216, 217, 219, 221, 222, 223, 225, 227, 228, 229, 230, 233, 234, 239, 245, 250, 267, 268, 270, 271, 273, 276, 278, 279, 280, 283, 285, 286, 287, 288, 289, 290, 291, 292, 293, 295, 297, 298, 299, 300, 303, 304, 305, 306, 307, 308, 311, 312, 314, 315, 316, 317, 320, 321, 327, 333, 350, 351, 353, 356, 359, 360, 361, 362, 364, 366, 367, 368, 369, 372, 373, 374, 385, 386, 388, 390, 391, 392, 393, 394, 395, 398, 399, 401, 403, 405, 407, 408, 409, 410, 412, 414, 416, 417, 418, 419, 422, 423, 432, 433, 435, 437, 438, 439, 441, 443, 444, 450, 452, 453, 454, 455, 458, 459, 464, 469, 482, 483, 485, 487, 491, 492, 493, 495, 496, 499, 500, 502, 503, 504, 506, 507, 508, 509, 510, 512, 513, 515, 516, 517, 519, 521, 522, 523, 524, 527, 528, 529, 534, 545, 546, 548, 552, 554, 556, 557, 558, 559, 561, 562, 564, 566, 567, 569, 570, 571, 572, 575, 576, 582, 588, 603, 604, 606, 609, 612, 613, 614, 615, 617, 619, 620, 621, 622, 625, 626, 627, 628, 629, 630, 631, 632, 633, 634, 635, 636, 637, 638, 663, 664, 667, 674, 675, 676, 677, 678, 679, 680, 681, 682, 683, 684, 685, 686, 687, 690, 691, 693, 695, 698, 703, 704, 705, 708, 709, 710, 712, 713, 714, 715, 716, 717, 718, 720, 722, 723, 724, 725, 726, 727, 730, 731, 740, 741, 743, 745, 746, 747, 749, 751, 752, 753, 756, 757, 758, 761, 762, 763, 765, 767, 768, 769, 770, 773, 774, 775, 776, 781, 782, 783, 784, 797, 798, 800, 803, 806, 807, 815, 823, 824, 825, 828, 829, 830, 832, 834, 835, 839, 841, 842, 843, 844, 847, 848, 849, 850, 861, 862, 864, 867, 868, 870, 871, 872, 875, 877, 878, 879, 882, 883, 884, 886, 888, 889, 893, 895, 896, 897, 898, 901, 902, 903, 904, 905, 916, 917, 919, 920, 923, 927, 928, 929, 932, 933, 934, 936, 938, 939, 940, 941, 942, 946, 948, 949, 950, 951, 954, 955, 961, 966, 971, 990, 991, 994, 995, 997, 999, 1000, 1001, 1003, 1005, 1006, 1013, 1017, 1019, 1020, 1022, 1024, 1027, 1028, 1030, 1031, 1032, 1033, 1036, 1037, 1040, 1041, 1042, 1043, 1044, 1047, 1049, 1050, 1051, 1052, 1056, 1063], "excluded_lines": []}}}, "gao_dev\\cli\\provider_commands.py": {"executed_lines": [], "summary": {"covered_lines": 0, "num_statements": 165, "percent_covered": 0.0, "percent_covered_display": "0", "missing_lines": 165, "excluded_lines": 0}, "missing_lines": [3, 4, 5, 6, 8, 9, 10, 11, 12, 13, 15, 21, 22, 25, 26, 28, 31, 32, 41, 42, 43, 46, 47, 48, 49, 52, 54, 55, 56, 57, 58, 59, 61, 63, 65, 68, 70, 71, 72, 75, 76, 77, 80, 94, 95, 98, 99, 101, 104, 105, 106, 107, 109, 110, 112, 113, 114, 116, 119, 121, 122, 123, 124, 126, 127, 128, 129, 130, 131, 133, 134, 136, 137, 139, 141, 142, 146, 148, 149, 150, 153, 154, 155, 156, 157, 158, 173, 174, 177, 178, 179, 181, 182, 183, 185, 188, 192, 193, 196, 200, 201, 203, 204, 205, 208, 209, 218, 219, 220, 222, 225, 228, 229, 230, 231, 233, 234, 235, 237, 239, 241, 243, 246, 247, 249, 251, 252, 253, 256, 257, 258, 271, 272, 273, 276, 282, 283, 284, 286, 287, 288, 289, 290, 292, 294, 295, 297, 298, 299, 302, 303, 312, 313, 314, 317, 318, 319, 321, 322, 324, 326, 327, 328, 331, 332], "excluded_lines": [], "functions": {"providers_cli": {"executed_lines": [], "summary": {"covered_lines": 0, "num_statements": 1, "percent_covered": 0.0, "percent_covered_display": "0", "missing_lines": 1, "excluded_lines": 0}, "missing_lines": [28], "excluded_lines": []}, "list_providers": {"executed_lines": [], "summary": {"covered_lines": 0, "num_statements": 21, "percent_covered": 0.0, "percent_covered_display": "0", "missing_lines": 21, "excluded_lines": 0}, "missing_lines": [41, 42, 43, 46, 47, 48, 49, 52, 54, 55, 56, 57, 58, 59, 61, 63, 65, 68, 70, 71, 72], "excluded_lines": []}, "validate_provider": {"executed_lines": [], "summary": {"covered_lines": 0, "num_statements": 37, "percent_covered": 0.0, "percent_covered_display": "0", "missing_lines": 37, "excluded_lines": 0}, "missing_lines": [94, 95, 98, 99, 101, 104, 105, 106, 107, 109, 110, 112, 113, 114, 116, 119, 121, 122, 123, 124, 126, 127, 128, 129, 130, 131, 133, 134, 136, 137, 139, 141, 142, 146, 148, 149, 150], "excluded_lines": []}, "test_provider": {"executed_lines": [], "summary": {"covered_lines": 0, "num_statements": 18, "percent_covered": 0.0, "percent_covered_display": "0", "missing_lines": 18, "excluded_lines": 0}, "missing_lines": [173, 174, 177, 178, 179, 181, 182, 183, 185, 188, 192, 193, 196, 200, 201, 203, 204, 205], "excluded_lines": []}, "check_health": {"executed_lines": [], "summary": {"covered_lines": 0, "num_statements": 22, "percent_covered": 0.0, "percent_covered_display": "0", "missing_lines": 22, "excluded_lines": 0}, "missing_lines": [218, 219, 220, 222, 225, 228, 229, 230, 231, 233, 234, 235, 237, 239, 241, 243, 246, 247, 249, 251, 252, 253], "excluded_lines": []}, "show_provider_info": {"executed_lines": [], "summary": {"covered_lines": 0, "num_statements": 18, "percent_covered": 0.0, "percent_covered_display": "0", "missing_lines": 18, "excluded_lines": 0}, "missing_lines": [271, 272, 273, 276, 282, 283, 284, 286, 287, 288, 289, 290, 292, 294, 295, 297, 298, 299], "excluded_lines": []}, "show_cache_stats": {"executed_lines": [], "summary": {"covered_lines": 0, "num_statements": 12, "percent_covered": 0.0, "percent_covered_display": "0", "missing_lines": 12, "excluded_lines": 0}, "missing_lines": [312, 313, 314, 317, 318, 319, 321, 322, 324, 326, 327, 328], "excluded_lines": []}, "": {"executed_lines": [], "summary": {"covered_lines": 0, "num_statements": 36, "percent_covered": 0.0, "percent_covered_display": "0", "missing_lines": 36, "excluded_lines": 0}, "missing_lines": [3, 4, 5, 6, 8, 9, 10, 11, 12, 13, 15, 21, 22, 25, 26, 31, 32, 75, 76, 77, 80, 153, 154, 155, 156, 157, 158, 208, 209, 256, 257, 258, 302, 303, 331, 332], "excluded_lines": []}}, "classes": {"": {"executed_lines": [], "summary": {"covered_lines": 0, "num_statements": 165, "percent_covered": 0.0, "percent_covered_display": "0", "missing_lines": 165, "excluded_lines": 0}, "missing_lines": [3, 4, 5, 6, 8, 9, 10, 11, 12, 13, 15, 21, 22, 25, 26, 28, 31, 32, 41, 42, 43, 46, 47, 48, 49, 52, 54, 55, 56, 57, 58, 59, 61, 63, 65, 68, 70, 71, 72, 75, 76, 77, 80, 94, 95, 98, 99, 101, 104, 105, 106, 107, 109, 110, 112, 113, 114, 116, 119, 121, 122, 123, 124, 126, 127, 128, 129, 130, 131, 133, 134, 136, 137, 139, 141, 142, 146, 148, 149, 150, 153, 154, 155, 156, 157, 158, 173, 174, 177, 178, 179, 181, 182, 183, 185, 188, 192, 193, 196, 200, 201, 203, 204, 205, 208, 209, 218, 219, 220, 222, 225, 228, 229, 230, 231, 233, 234, 235, 237, 239, 241, 243, 246, 247, 249, 251, 252, 253, 256, 257, 258, 271, 272, 273, 276, 282, 283, 284, 286, 287, 288, 289, 290, 292, 294, 295, 297, 298, 299, 302, 303, 312, 313, 314, 317, 318, 319, 321, 322, 324, 326, 327, 328, 331, 332], "excluded_lines": []}}}, "gao_dev\\cli\\report_commands.py": {"executed_lines": [], "summary": {"covered_lines": 0, "num_statements": 169, "percent_covered": 0.0, "percent_covered_display": "0", "missing_lines": 169, "excluded_lines": 0}, "missing_lines": [3, 4, 5, 6, 8, 9, 10, 11, 13, 17, 20, 21, 24, 25, 27, 30, 31, 32, 39, 44, 50, 62, 64, 65, 66, 68, 71, 72, 73, 74, 76, 78, 81, 87, 90, 91, 92, 94, 95, 96, 97, 98, 99, 100, 103, 104, 105, 106, 113, 120, 125, 131, 148, 150, 151, 152, 154, 157, 158, 159, 160, 162, 164, 171, 179, 182, 183, 184, 186, 187, 188, 189, 190, 191, 192, 195, 196, 202, 208, 214, 220, 227, 232, 238, 255, 256, 257, 258, 259, 262, 263, 264, 265, 267, 268, 269, 270, 273, 274, 275, 276, 277, 278, 280, 282, 285, 287, 290, 298, 301, 302, 303, 305, 306, 307, 308, 309, 310, 311, 314, 315, 322, 330, 331, 332, 333, 334, 336, 339, 340, 342, 343, 344, 355, 358, 359, 360, 361, 362, 363, 365, 367, 368, 369, 370, 372, 375, 376, 377, 379, 381, 389, 390, 392, 393, 394, 395, 398, 399, 400, 407, 408, 409, 410, 411, 413, 414, 415, 416], "excluded_lines": [], "functions": {"report_group": {"executed_lines": [], "summary": {"covered_lines": 0, "num_statements": 1, "percent_covered": 0.0, "percent_covered_display": "0", "missing_lines": 1, "excluded_lines": 0}, "missing_lines": [27], "excluded_lines": []}, "report_run": {"executed_lines": [], "summary": {"covered_lines": 0, "num_statements": 23, "percent_covered": 0.0, "percent_covered_display": "0", "missing_lines": 23, "excluded_lines": 0}, "missing_lines": [62, 64, 65, 66, 68, 71, 72, 73, 74, 76, 78, 81, 87, 90, 91, 92, 94, 95, 96, 97, 98, 99, 100], "excluded_lines": []}, "report_compare": {"executed_lines": [], "summary": {"covered_lines": 0, "num_statements": 23, "percent_covered": 0.0, "percent_covered_display": "0", "missing_lines": 23, "excluded_lines": 0}, "missing_lines": [148, 150, 151, 152, 154, 157, 158, 159, 160, 162, 164, 171, 179, 182, 183, 184, 186, 187, 188, 189, 190, 191, 192], "excluded_lines": []}, "report_trend": {"executed_lines": [], "summary": {"covered_lines": 0, "num_statements": 35, "percent_covered": 0.0, "percent_covered_display": "0", "missing_lines": 35, "excluded_lines": 0}, "missing_lines": [255, 256, 257, 258, 259, 262, 263, 264, 265, 267, 268, 269, 270, 273, 274, 275, 276, 277, 278, 280, 282, 285, 287, 290, 298, 301, 302, 303, 305, 306, 307, 308, 309, 310, 311], "excluded_lines": []}, "report_list": {"executed_lines": [], "summary": {"covered_lines": 0, "num_statements": 35, "percent_covered": 0.0, "percent_covered_display": "0", "missing_lines": 35, "excluded_lines": 0}, "missing_lines": [330, 331, 332, 333, 334, 336, 339, 340, 342, 343, 344, 355, 358, 359, 360, 361, 362, 363, 365, 367, 368, 369, 370, 372, 375, 376, 377, 379, 381, 389, 390, 392, 393, 394, 395], "excluded_lines": []}, "report_open": {"executed_lines": [], "summary": {"covered_lines": 0, "num_statements": 9, "percent_covered": 0.0, "percent_covered_display": "0", "missing_lines": 9, "excluded_lines": 0}, "missing_lines": [407, 408, 409, 410, 411, 413, 414, 415, 416], "excluded_lines": []}, "": {"executed_lines": [], "summary": {"covered_lines": 0, "num_statements": 43, "percent_covered": 0.0, "percent_covered_display": "0", "missing_lines": 43, "excluded_lines": 0}, "missing_lines": [3, 4, 5, 6, 8, 9, 10, 11, 13, 17, 20, 21, 24, 25, 30, 31, 32, 39, 44, 50, 103, 104, 105, 106, 113, 120, 125, 131, 195, 196, 202, 208, 214, 220, 227, 232, 238, 314, 315, 322, 398, 399, 400], "excluded_lines": []}}, "classes": {"": {"executed_lines": [], "summary": {"covered_lines": 0, "num_statements": 169, "percent_covered": 0.0, "percent_covered_display": "0", "missing_lines": 169, "excluded_lines": 0}, "missing_lines": [3, 4, 5, 6, 8, 9, 10, 11, 13, 17, 20, 21, 24, 25, 27, 30, 31, 32, 39, 44, 50, 62, 64, 65, 66, 68, 71, 72, 73, 74, 76, 78, 81, 87, 90, 91, 92, 94, 95, 96, 97, 98, 99, 100, 103, 104, 105, 106, 113, 120, 125, 131, 148, 150, 151, 152, 154, 157, 158, 159, 160, 162, 164, 171, 179, 182, 183, 184, 186, 187, 188, 189, 190, 191, 192, 195, 196, 202, 208, 214, 220, 227, 232, 238, 255, 256, 257, 258, 259, 262, 263, 264, 265, 267, 268, 269, 270, 273, 274, 275, 276, 277, 278, 280, 282, 285, 287, 290, 298, 301, 302, 303, 305, 306, 307, 308, 309, 310, 311, 314, 315, 322, 330, 331, 332, 333, 334, 336, 339, 340, 342, 343, 344, 355, 358, 359, 360, 361, 362, 363, 365, 367, 368, 369, 370, 372, 375, 376, 377, 379, 381, 389, 390, 392, 393, 394, 395, 398, 399, 400, 407, 408, 409, 410, 411, 413, 414, 415, 416], "excluded_lines": []}}}, "gao_dev\\cli\\sandbox_commands.py": {"executed_lines": [], "summary": {"covered_lines": 0, "num_statements": 438, "percent_covered": 0.0, "percent_covered_display": "0", "missing_lines": 438, "excluded_lines": 0}, "missing_lines": [3, 4, 5, 6, 7, 8, 9, 12, 13, 16, 17, 30, 33, 34, 35, 40, 45, 50, 55, 61, 81, 82, 84, 87, 88, 91, 92, 93, 94, 97, 98, 105, 106, 109, 110, 113, 114, 115, 117, 120, 121, 125, 126, 127, 128, 129, 130, 131, 132, 134, 135, 136, 137, 139, 140, 141, 142, 143, 144, 145, 146, 148, 149, 150, 152, 153, 154, 157, 158, 159, 164, 169, 174, 179, 184, 189, 211, 212, 215, 216, 217, 220, 221, 224, 225, 226, 227, 228, 230, 233, 234, 235, 236, 239, 240, 243, 245, 246, 247, 248, 250, 252, 259, 260, 262, 268, 269, 271, 272, 273, 276, 277, 278, 279, 281, 284, 286, 287, 288, 291, 292, 298, 304, 310, 323, 324, 325, 328, 329, 332, 333, 335, 336, 337, 340, 341, 342, 343, 344, 345, 347, 348, 349, 352, 353, 354, 359, 365, 371, 376, 398, 399, 400, 401, 402, 403, 404, 407, 410, 412, 415, 416, 417, 418, 419, 420, 422, 423, 424, 427, 428, 431, 433, 434, 435, 437, 438, 439, 443, 444, 446, 447, 448, 450, 452, 455, 456, 458, 461, 462, 464, 465, 468, 469, 470, 473, 474, 475, 477, 478, 479, 480, 481, 483, 484, 485, 486, 487, 490, 491, 492, 493, 494, 495, 496, 497, 498, 499, 500, 501, 502, 503, 504, 505, 506, 507, 508, 509, 510, 511, 512, 516, 517, 518, 519, 520, 521, 523, 524, 525, 526, 527, 528, 529, 532, 535, 545, 546, 547, 548, 550, 553, 554, 555, 556, 557, 558, 560, 561, 562, 563, 565, 566, 567, 568, 570, 571, 572, 575, 577, 578, 579, 580, 581, 584, 585, 586, 592, 598, 610, 611, 612, 614, 617, 618, 621, 623, 624, 625, 626, 629, 630, 631, 632, 633, 635, 638, 639, 641, 642, 643, 644, 656, 658, 659, 660, 664, 665, 667, 668, 669, 676, 677, 679, 680, 681, 682, 684, 685, 686, 687, 688, 690, 691, 694, 695, 696, 698, 700, 702, 703, 704, 705, 706, 709, 710, 711, 716, 722, 734, 735, 737, 738, 740, 743, 744, 746, 749, 750, 751, 752, 757, 763, 775, 776, 778, 779, 781, 784, 785, 787, 790, 791, 792, 797, 808, 810, 811, 812, 813, 816, 817, 819, 827, 829, 831, 833, 897, 898, 901, 907, 909, 916, 917, 920, 927, 928, 931, 970, 971, 974, 975, 981, 983, 984, 987, 989, 991, 993, 995, 996, 997, 999, 1000, 1001, 1003, 1008, 1009, 1013, 1014, 1015, 1016, 1017, 1018, 1019, 1020, 1021, 1022, 1023, 1025, 1026, 1027, 1028, 1030, 1031, 1034, 1036, 1037, 1039, 1041, 1042, 1045, 1047, 1049, 1051, 1052, 1060, 1061], "excluded_lines": [], "functions": {"sandbox": {"executed_lines": [], "summary": {"covered_lines": 0, "num_statements": 1, "percent_covered": 0.0, "percent_covered_display": "0", "missing_lines": 1, "excluded_lines": 0}, "missing_lines": [30], "excluded_lines": []}, "init": {"executed_lines": [], "summary": {"covered_lines": 0, "num_statements": 47, "percent_covered": 0.0, "percent_covered_display": "0", "missing_lines": 47, "excluded_lines": 0}, "missing_lines": [81, 82, 84, 87, 88, 91, 92, 93, 94, 97, 98, 105, 106, 109, 110, 113, 114, 115, 117, 120, 121, 125, 126, 127, 128, 129, 130, 131, 132, 134, 135, 136, 137, 139, 140, 141, 142, 143, 144, 145, 146, 148, 149, 150, 152, 153, 154], "excluded_lines": []}, "clean": {"executed_lines": [], "summary": {"covered_lines": 0, "num_statements": 43, "percent_covered": 0.0, "percent_covered_display": "0", "missing_lines": 43, "excluded_lines": 0}, "missing_lines": [211, 212, 215, 216, 217, 220, 221, 224, 225, 226, 227, 228, 230, 233, 234, 235, 236, 239, 240, 243, 245, 246, 247, 248, 250, 252, 259, 260, 262, 268, 269, 271, 272, 273, 276, 277, 278, 279, 281, 284, 286, 287, 288], "excluded_lines": []}, "list": {"executed_lines": [], "summary": {"covered_lines": 0, "num_statements": 19, "percent_covered": 0.0, "percent_covered_display": "0", "missing_lines": 19, "excluded_lines": 0}, "missing_lines": [323, 324, 325, 328, 329, 332, 333, 335, 336, 337, 340, 341, 342, 343, 344, 345, 347, 348, 349], "excluded_lines": []}, "run": {"executed_lines": [], "summary": {"covered_lines": 0, "num_statements": 124, "percent_covered": 0.0, "percent_covered_display": "0", "missing_lines": 124, "excluded_lines": 0}, "missing_lines": [398, 399, 400, 401, 402, 403, 404, 407, 410, 412, 415, 416, 417, 418, 419, 420, 422, 423, 424, 427, 428, 431, 433, 434, 435, 437, 438, 439, 443, 444, 446, 447, 448, 450, 452, 455, 456, 458, 461, 462, 464, 465, 468, 469, 470, 473, 474, 475, 477, 478, 479, 480, 481, 483, 484, 485, 486, 487, 490, 491, 492, 493, 494, 495, 496, 497, 498, 499, 500, 501, 502, 503, 504, 505, 506, 507, 508, 509, 510, 511, 512, 516, 517, 518, 519, 520, 521, 523, 524, 525, 526, 527, 528, 529, 532, 535, 545, 546, 547, 548, 550, 553, 554, 555, 556, 557, 558, 560, 561, 562, 563, 565, 566, 567, 568, 570, 571, 572, 575, 577, 578, 579, 580, 581], "excluded_lines": []}, "list_runs": {"executed_lines": [], "summary": {"covered_lines": 0, "num_statements": 51, "percent_covered": 0.0, "percent_covered_display": "0", "missing_lines": 51, "excluded_lines": 0}, "missing_lines": [610, 611, 612, 614, 617, 618, 621, 623, 624, 625, 626, 629, 635, 638, 639, 641, 642, 643, 644, 656, 658, 659, 660, 664, 665, 667, 668, 669, 676, 677, 679, 680, 681, 682, 684, 685, 686, 687, 688, 690, 691, 694, 695, 696, 698, 700, 702, 703, 704, 705, 706], "excluded_lines": []}, "list_runs.get_run_num": {"executed_lines": [], "summary": {"covered_lines": 0, "num_statements": 4, "percent_covered": 0.0, "percent_covered_display": "0", "missing_lines": 4, "excluded_lines": 0}, "missing_lines": [630, 631, 632, 633], "excluded_lines": []}, "report": {"executed_lines": [], "summary": {"covered_lines": 0, "num_statements": 8, "percent_covered": 0.0, "percent_covered_display": "0", "missing_lines": 8, "excluded_lines": 0}, "missing_lines": [734, 735, 737, 738, 740, 743, 744, 746], "excluded_lines": []}, "compare": {"executed_lines": [], "summary": {"covered_lines": 0, "num_statements": 8, "percent_covered": 0.0, "percent_covered_display": "0", "missing_lines": 8, "excluded_lines": 0}, "missing_lines": [775, 776, 778, 779, 781, 784, 785, 787], "excluded_lines": []}, "delete": {"executed_lines": [], "summary": {"covered_lines": 0, "num_statements": 8, "percent_covered": 0.0, "percent_covered_display": "0", "missing_lines": 8, "excluded_lines": 0}, "missing_lines": [808, 810, 811, 812, 813, 816, 817, 819], "excluded_lines": []}, "_create_project_readme": {"executed_lines": [], "summary": {"covered_lines": 0, "num_statements": 5, "percent_covered": 0.0, "percent_covered_display": "0", "missing_lines": 5, "excluded_lines": 0}, "missing_lines": [829, 831, 833, 897, 898], "excluded_lines": []}, "_init_git_repo": {"executed_lines": [], "summary": {"covered_lines": 0, "num_statements": 15, "percent_covered": 0.0, "percent_covered_display": "0", "missing_lines": 15, "excluded_lines": 0}, "missing_lines": [907, 909, 916, 917, 920, 927, 928, 931, 970, 971, 974, 975, 981, 983, 984], "excluded_lines": []}, "_print_table": {"executed_lines": [], "summary": {"covered_lines": 0, "num_statements": 29, "percent_covered": 0.0, "percent_covered_display": "0", "missing_lines": 29, "excluded_lines": 0}, "missing_lines": [989, 991, 993, 995, 996, 997, 999, 1000, 1001, 1003, 1008, 1009, 1013, 1014, 1015, 1016, 1017, 1018, 1019, 1020, 1021, 1022, 1023, 1025, 1026, 1027, 1028, 1030, 1031], "excluded_lines": []}, "_print_json": {"executed_lines": [], "summary": {"covered_lines": 0, "num_statements": 5, "percent_covered": 0.0, "percent_covered_display": "0", "missing_lines": 5, "excluded_lines": 0}, "missing_lines": [1036, 1037, 1039, 1041, 1042], "excluded_lines": []}, "_print_simple": {"executed_lines": [], "summary": {"covered_lines": 0, "num_statements": 4, "percent_covered": 0.0, "percent_covered_display": "0", "missing_lines": 4, "excluded_lines": 0}, "missing_lines": [1047, 1049, 1051, 1052], "excluded_lines": []}, "": {"executed_lines": [], "summary": {"covered_lines": 0, "num_statements": 67, "percent_covered": 0.0, "percent_covered_display": "0", "missing_lines": 67, "excluded_lines": 0}, "missing_lines": [3, 4, 5, 6, 7, 8, 9, 12, 13, 16, 17, 33, 34, 35, 40, 45, 50, 55, 61, 157, 158, 159, 164, 169, 174, 179, 184, 189, 291, 292, 298, 304, 310, 352, 353, 354, 359, 365, 371, 376, 584, 585, 586, 592, 598, 709, 710, 711, 716, 722, 749, 750, 751, 752, 757, 763, 790, 791, 792, 797, 827, 901, 987, 1034, 1045, 1060, 1061], "excluded_lines": []}}, "classes": {"": {"executed_lines": [], "summary": {"covered_lines": 0, "num_statements": 438, "percent_covered": 0.0, "percent_covered_display": "0", "missing_lines": 438, "excluded_lines": 0}, "missing_lines": [3, 4, 5, 6, 7, 8, 9, 12, 13, 16, 17, 30, 33, 34, 35, 40, 45, 50, 55, 61, 81, 82, 84, 87, 88, 91, 92, 93, 94, 97, 98, 105, 106, 109, 110, 113, 114, 115, 117, 120, 121, 125, 126, 127, 128, 129, 130, 131, 132, 134, 135, 136, 137, 139, 140, 141, 142, 143, 144, 145, 146, 148, 149, 150, 152, 153, 154, 157, 158, 159, 164, 169, 174, 179, 184, 189, 211, 212, 215, 216, 217, 220, 221, 224, 225, 226, 227, 228, 230, 233, 234, 235, 236, 239, 240, 243, 245, 246, 247, 248, 250, 252, 259, 260, 262, 268, 269, 271, 272, 273, 276, 277, 278, 279, 281, 284, 286, 287, 288, 291, 292, 298, 304, 310, 323, 324, 325, 328, 329, 332, 333, 335, 336, 337, 340, 341, 342, 343, 344, 345, 347, 348, 349, 352, 353, 354, 359, 365, 371, 376, 398, 399, 400, 401, 402, 403, 404, 407, 410, 412, 415, 416, 417, 418, 419, 420, 422, 423, 424, 427, 428, 431, 433, 434, 435, 437, 438, 439, 443, 444, 446, 447, 448, 450, 452, 455, 456, 458, 461, 462, 464, 465, 468, 469, 470, 473, 474, 475, 477, 478, 479, 480, 481, 483, 484, 485, 486, 487, 490, 491, 492, 493, 494, 495, 496, 497, 498, 499, 500, 501, 502, 503, 504, 505, 506, 507, 508, 509, 510, 511, 512, 516, 517, 518, 519, 520, 521, 523, 524, 525, 526, 527, 528, 529, 532, 535, 545, 546, 547, 548, 550, 553, 554, 555, 556, 557, 558, 560, 561, 562, 563, 565, 566, 567, 568, 570, 571, 572, 575, 577, 578, 579, 580, 581, 584, 585, 586, 592, 598, 610, 611, 612, 614, 617, 618, 621, 623, 624, 625, 626, 629, 630, 631, 632, 633, 635, 638, 639, 641, 642, 643, 644, 656, 658, 659, 660, 664, 665, 667, 668, 669, 676, 677, 679, 680, 681, 682, 684, 685, 686, 687, 688, 690, 691, 694, 695, 696, 698, 700, 702, 703, 704, 705, 706, 709, 710, 711, 716, 722, 734, 735, 737, 738, 740, 743, 744, 746, 749, 750, 751, 752, 757, 763, 775, 776, 778, 779, 781, 784, 785, 787, 790, 791, 792, 797, 808, 810, 811, 812, 813, 816, 817, 819, 827, 829, 831, 833, 897, 898, 901, 907, 909, 916, 917, 920, 927, 928, 931, 970, 971, 974, 975, 981, 983, 984, 987, 989, 991, 993, 995, 996, 997, 999, 1000, 1001, 1003, 1008, 1009, 1013, 1014, 1015, 1016, 1017, 1018, 1019, 1020, 1021, 1022, 1023, 1025, 1026, 1027, 1028, 1030, 1031, 1034, 1036, 1037, 1039, 1041, 1042, 1045, 1047, 1049, 1051, 1052, 1060, 1061], "excluded_lines": []}}}, "gao_dev\\core\\__init__.py": {"executed_lines": [1, 4, 11, 12, 13, 14, 15, 16, 17, 20, 36, 60], "summary": {"covered_lines": 11, "num_statements": 11, "percent_covered": 100.0, "percent_covered_display": "100", "missing_lines": 0, "excluded_lines": 0}, "missing_lines": [], "excluded_lines": [], "functions": {"": {"executed_lines": [1, 4, 11, 12, 13, 14, 15, 16, 17, 20, 36, 60], "summary": {"covered_lines": 11, "num_statements": 11, "percent_covered": 100.0, "percent_covered_display": "100", "missing_lines": 0, "excluded_lines": 0}, "missing_lines": [], "excluded_lines": []}}, "classes": {"": {"executed_lines": [1, 4, 11, 12, 13, 14, 15, 16, 17, 20, 36, 60], "summary": {"covered_lines": 11, "num_statements": 11, "percent_covered": 100.0, "percent_covered_display": "100", "missing_lines": 0, "excluded_lines": 0}, "missing_lines": [], "excluded_lines": []}}}, "gao_dev\\core\\agent_config_loader.py": {"executed_lines": [1, 10, 11, 12, 13, 15, 16, 18, 21, 22, 48, 65, 171, 246, 290, 336], "summary": {"covered_lines": 14, "num_statements": 93, "percent_covered": 15.053763440860216, "percent_covered_display": "15", "missing_lines": 79, "excluded_lines": 0}, "missing_lines": [56, 57, 59, 60, 94, 97, 98, 99, 105, 106, 107, 108, 109, 115, 118, 119, 125, 126, 127, 132, 133, 139, 144, 147, 148, 150, 159, 161, 162, 167, 191, 194, 196, 197, 199, 201, 202, 207, 208, 209, 210, 216, 221, 222, 225, 226, 227, 228, 229, 230, 236, 241, 263, 264, 268, 270, 273, 274, 276, 277, 279, 281, 288, 312, 313, 315, 316, 317, 318, 319, 324, 328, 334, 356, 357, 358, 359, 360, 365], "excluded_lines": [], "functions": {"AgentConfigLoader.__init__": {"executed_lines": [], "summary": {"covered_lines": 0, "num_statements": 4, "percent_covered": 0.0, "percent_covered_display": "0", "missing_lines": 4, "excluded_lines": 0}, "missing_lines": [56, 57, 59, 60], "excluded_lines": []}, "AgentConfigLoader.load_agent": {"executed_lines": [], "summary": {"covered_lines": 0, "num_statements": 26, "percent_covered": 0.0, "percent_covered_display": "0", "missing_lines": 26, "excluded_lines": 0}, "missing_lines": [94, 97, 98, 99, 105, 106, 107, 108, 109, 115, 118, 119, 125, 126, 127, 132, 133, 139, 144, 147, 148, 150, 159, 161, 162, 167], "excluded_lines": []}, "AgentConfigLoader._load_persona": {"executed_lines": [], "summary": {"covered_lines": 0, "num_statements": 22, "percent_covered": 0.0, "percent_covered_display": "0", "missing_lines": 22, "excluded_lines": 0}, "missing_lines": [191, 194, 196, 197, 199, 201, 202, 207, 208, 209, 210, 216, 221, 222, 225, 226, 227, 228, 229, 230, 236, 241], "excluded_lines": []}, "AgentConfigLoader.discover_agents": {"executed_lines": [], "summary": {"covered_lines": 0, "num_statements": 11, "percent_covered": 0.0, "percent_covered_display": "0", "missing_lines": 11, "excluded_lines": 0}, "missing_lines": [263, 264, 268, 270, 273, 274, 276, 277, 279, 281, 288], "excluded_lines": []}, "AgentConfigLoader.load_all_agents": {"executed_lines": [], "summary": {"covered_lines": 0, "num_statements": 10, "percent_covered": 0.0, "percent_covered_display": "0", "missing_lines": 10, "excluded_lines": 0}, "missing_lines": [312, 313, 315, 316, 317, 318, 319, 324, 328, 334], "excluded_lines": []}, "AgentConfigLoader.validate_agent_file": {"executed_lines": [], "summary": {"covered_lines": 0, "num_statements": 6, "percent_covered": 0.0, "percent_covered_display": "0", "missing_lines": 6, "excluded_lines": 0}, "missing_lines": [356, 357, 358, 359, 360, 365], "excluded_lines": []}, "": {"executed_lines": [1, 10, 11, 12, 13, 15, 16, 18, 21, 22, 48, 65, 171, 246, 290, 336], "summary": {"covered_lines": 14, "num_statements": 14, "percent_covered": 100.0, "percent_covered_display": "100", "missing_lines": 0, "excluded_lines": 0}, "missing_lines": [], "excluded_lines": []}}, "classes": {"AgentConfigLoader": {"executed_lines": [], "summary": {"covered_lines": 0, "num_statements": 79, "percent_covered": 0.0, "percent_covered_display": "0", "missing_lines": 79, "excluded_lines": 0}, "missing_lines": [56, 57, 59, 60, 94, 97, 98, 99, 105, 106, 107, 108, 109, 115, 118, 119, 125, 126, 127, 132, 133, 139, 144, 147, 148, 150, 159, 161, 162, 167, 191, 194, 196, 197, 199, 201, 202, 207, 208, 209, 210, 216, 221, 222, 225, 226, 227, 228, 229, 230, 236, 241, 263, 264, 268, 270, 273, 274, 276, 277, 279, 281, 288, 312, 313, 315, 316, 317, 318, 319, 324, 328, 334, 356, 357, 358, 359, 360, 365], "excluded_lines": []}, "": {"executed_lines": [1, 10, 11, 12, 13, 15, 16, 18, 21, 22, 48, 65, 171, 246, 290, 336], "summary": {"covered_lines": 14, "num_statements": 14, "percent_covered": 100.0, "percent_covered_display": "100", "missing_lines": 0, "excluded_lines": 0}, "missing_lines": [], "excluded_lines": []}}}, "gao_dev\\core\\cli_detector.py": {"executed_lines": [], "summary": {"covered_lines": 0, "num_statements": 44, "percent_covered": 0.0, "percent_covered_display": "0", "missing_lines": 44, "excluded_lines": 0}, "missing_lines": [3, 4, 5, 6, 7, 9, 12, 25, 26, 28, 30, 31, 32, 35, 36, 38, 40, 41, 42, 43, 44, 45, 48, 49, 53, 54, 55, 56, 58, 59, 62, 72, 73, 74, 77, 78, 81, 82, 85, 86, 87, 88, 90, 94], "excluded_lines": [], "functions": {"find_claude_cli": {"executed_lines": [], "summary": {"covered_lines": 0, "num_statements": 23, "percent_covered": 0.0, "percent_covered_display": "0", "missing_lines": 23, "excluded_lines": 0}, "missing_lines": [25, 26, 28, 30, 31, 32, 35, 36, 38, 40, 41, 42, 43, 44, 45, 48, 49, 53, 54, 55, 56, 58, 59], "excluded_lines": []}, "validate_claude_cli": {"executed_lines": [], "summary": {"covered_lines": 0, "num_statements": 12, "percent_covered": 0.0, "percent_covered_display": "0", "missing_lines": 12, "excluded_lines": 0}, "missing_lines": [72, 73, 74, 77, 78, 81, 82, 85, 86, 87, 88, 90], "excluded_lines": []}, "": {"executed_lines": [], "summary": {"covered_lines": 0, "num_statements": 9, "percent_covered": 0.0, "percent_covered_display": "0", "missing_lines": 9, "excluded_lines": 0}, "missing_lines": [3, 4, 5, 6, 7, 9, 12, 62, 94], "excluded_lines": []}}, "classes": {"": {"executed_lines": [], "summary": {"covered_lines": 0, "num_statements": 44, "percent_covered": 0.0, "percent_covered_display": "0", "missing_lines": 44, "excluded_lines": 0}, "missing_lines": [3, 4, 5, 6, 7, 9, 12, 25, 26, 28, 30, 31, 32, 35, 36, 38, 40, 41, 42, 43, 44, 45, 48, 49, 53, 54, 55, 56, 58, 59, 62, 72, 73, 74, 77, 78, 81, 82, 85, 86, 87, 88, 90, 94], "excluded_lines": []}}}, "gao_dev\\core\\config_loader.py": {"executed_lines": [1, 3, 4, 5, 8, 9, 11, 32, 54, 58, 67, 71, 75, 80, 85, 90, 95, 100, 104, 109, 113], "summary": {"covered_lines": 19, "num_statements": 54, "percent_covered": 35.18518518518518, "percent_covered_display": "35", "missing_lines": 35, "excluded_lines": 0}, "missing_lines": [18, 21, 22, 23, 26, 27, 28, 29, 30, 44, 45, 48, 49, 52, 56, 65, 69, 73, 77, 78, 82, 83, 87, 88, 92, 93, 97, 98, 102, 106, 107, 111, 116, 117, 118], "excluded_lines": [], "functions": {"ConfigLoader.__init__": {"executed_lines": [], "summary": {"covered_lines": 0, "num_statements": 9, "percent_covered": 0.0, "percent_covered_display": "0", "missing_lines": 9, "excluded_lines": 0}, "missing_lines": [18, 21, 22, 23, 26, 27, 28, 29, 30], "excluded_lines": []}, "ConfigLoader.get": {"executed_lines": [], "summary": {"covered_lines": 0, "num_statements": 5, "percent_covered": 0.0, "percent_covered_display": "0", "missing_lines": 5, "excluded_lines": 0}, "missing_lines": [44, 45, 48, 49, 52], "excluded_lines": []}, "ConfigLoader.get_workflows_path": {"executed_lines": [], "summary": {"covered_lines": 0, "num_statements": 1, "percent_covered": 0.0, "percent_covered_display": "0", "missing_lines": 1, "excluded_lines": 0}, "missing_lines": [56], "excluded_lines": []}, "ConfigLoader.get_bmad_workflows_path": {"executed_lines": [], "summary": {"covered_lines": 0, "num_statements": 1, "percent_covered": 0.0, "percent_covered_display": "0", "missing_lines": 1, "excluded_lines": 0}, "missing_lines": [65], "excluded_lines": []}, "ConfigLoader.get_agents_path": {"executed_lines": [], "summary": {"covered_lines": 0, "num_statements": 1, "percent_covered": 0.0, "percent_covered_display": "0", "missing_lines": 1, "excluded_lines": 0}, "missing_lines": [69], "excluded_lines": []}, "ConfigLoader.get_checklists_path": {"executed_lines": [], "summary": {"covered_lines": 0, "num_statements": 1, "percent_covered": 0.0, "percent_covered_display": "0", "missing_lines": 1, "excluded_lines": 0}, "missing_lines": [73], "excluded_lines": []}, "ConfigLoader.get_output_folder": {"executed_lines": [], "summary": {"covered_lines": 0, "num_statements": 2, "percent_covered": 0.0, "percent_covered_display": "0", "missing_lines": 2, "excluded_lines": 0}, "missing_lines": [77, 78], "excluded_lines": []}, "ConfigLoader.get_story_location": {"executed_lines": [], "summary": {"covered_lines": 0, "num_statements": 2, "percent_covered": 0.0, "percent_covered_display": "0", "missing_lines": 2, "excluded_lines": 0}, "missing_lines": [82, 83], "excluded_lines": []}, "ConfigLoader.get_prd_location": {"executed_lines": [], "summary": {"covered_lines": 0, "num_statements": 2, "percent_covered": 0.0, "percent_covered_display": "0", "missing_lines": 2, "excluded_lines": 0}, "missing_lines": [87, 88], "excluded_lines": []}, "ConfigLoader.get_architecture_location": {"executed_lines": [], "summary": {"covered_lines": 0, "num_statements": 2, "percent_covered": 0.0, "percent_covered_display": "0", "missing_lines": 2, "excluded_lines": 0}, "missing_lines": [92, 93], "excluded_lines": []}, "ConfigLoader.get_epics_location": {"executed_lines": [], "summary": {"covered_lines": 0, "num_statements": 2, "percent_covered": 0.0, "percent_covered_display": "0", "missing_lines": 2, "excluded_lines": 0}, "missing_lines": [97, 98], "excluded_lines": []}, "ConfigLoader.is_git_auto_commit_enabled": {"executed_lines": [], "summary": {"covered_lines": 0, "num_statements": 1, "percent_covered": 0.0, "percent_covered_display": "0", "missing_lines": 1, "excluded_lines": 0}, "missing_lines": [102], "excluded_lines": []}, "ConfigLoader.get_git_commit_footer": {"executed_lines": [], "summary": {"covered_lines": 0, "num_statements": 2, "percent_covered": 0.0, "percent_covered_display": "0", "missing_lines": 2, "excluded_lines": 0}, "missing_lines": [106, 107], "excluded_lines": []}, "ConfigLoader.get_claude_model": {"executed_lines": [], "summary": {"covered_lines": 0, "num_statements": 1, "percent_covered": 0.0, "percent_covered_display": "0", "missing_lines": 1, "excluded_lines": 0}, "missing_lines": [111], "excluded_lines": []}, "ConfigLoader.to_dict": {"executed_lines": [], "summary": {"covered_lines": 0, "num_statements": 3, "percent_covered": 0.0, "percent_covered_display": "0", "missing_lines": 3, "excluded_lines": 0}, "missing_lines": [116, 117, 118], "excluded_lines": []}, "": {"executed_lines": [1, 3, 4, 5, 8, 9, 11, 32, 54, 58, 67, 71, 75, 80, 85, 90, 95, 100, 104, 109, 113], "summary": {"covered_lines": 19, "num_statements": 19, "percent_covered": 100.0, "percent_covered_display": "100", "missing_lines": 0, "excluded_lines": 0}, "missing_lines": [], "excluded_lines": []}}, "classes": {"ConfigLoader": {"executed_lines": [], "summary": {"covered_lines": 0, "num_statements": 35, "percent_covered": 0.0, "percent_covered_display": "0", "missing_lines": 35, "excluded_lines": 0}, "missing_lines": [18, 21, 22, 23, 26, 27, 28, 29, 30, 44, 45, 48, 49, 52, 56, 65, 69, 73, 77, 78, 82, 83, 87, 88, 92, 93, 97, 98, 102, 106, 107, 111, 116, 117, 118], "excluded_lines": []}, "": {"executed_lines": [1, 3, 4, 5, 8, 9, 11, 32, 54, 58, 67, 71, 75, 80, 85, 90, 95, 100, 104, 109, 113], "summary": {"covered_lines": 19, "num_statements": 19, "percent_covered": 100.0, "percent_covered_display": "100", "missing_lines": 0, "excluded_lines": 0}, "missing_lines": [], "excluded_lines": []}}}, "gao_dev\\core\\context\\__init__.py": {"executed_lines": [], "summary": {"covered_lines": 0, "num_statements": 3, "percent_covered": 0.0, "percent_covered_display": "0", "missing_lines": 3, "excluded_lines": 0}, "missing_lines": [7, 8, 10], "excluded_lines": [], "functions": {"": {"executed_lines": [], "summary": {"covered_lines": 0, "num_statements": 3, "percent_covered": 0.0, "percent_covered_display": "0", "missing_lines": 3, "excluded_lines": 0}, "missing_lines": [7, 8, 10], "excluded_lines": []}}, "classes": {"": {"executed_lines": [], "summary": {"covered_lines": 0, "num_statements": 3, "percent_covered": 0.0, "percent_covered_display": "0", "missing_lines": 3, "excluded_lines": 0}, "missing_lines": [7, 8, 10], "excluded_lines": []}}}, "gao_dev\\core\\context\\context_cache.py": {"executed_lines": [], "summary": {"covered_lines": 0, "num_statements": 56, "percent_covered": 0.0, "percent_covered_display": "0", "missing_lines": 56, "excluded_lines": 0}, "missing_lines": [9, 10, 11, 12, 14, 17, 18, 25, 50, 58, 59, 60, 61, 62, 64, 76, 78, 79, 80, 81, 84, 86, 87, 88, 89, 91, 92, 93, 95, 107, 110, 111, 112, 114, 115, 117, 118, 120, 127, 128, 129, 131, 143, 145, 146, 148, 149, 151, 153, 154, 155, 156, 158, 165, 166, 168], "excluded_lines": [], "functions": {"ContextCache.__init__": {"executed_lines": [], "summary": {"covered_lines": 0, "num_statements": 5, "percent_covered": 0.0, "percent_covered_display": "0", "missing_lines": 5, "excluded_lines": 0}, "missing_lines": [58, 59, 60, 61, 62], "excluded_lines": []}, "ContextCache.get": {"executed_lines": [], "summary": {"covered_lines": 0, "num_statements": 13, "percent_covered": 0.0, "percent_covered_display": "0", "missing_lines": 13, "excluded_lines": 0}, "missing_lines": [76, 78, 79, 80, 81, 84, 86, 87, 88, 89, 91, 92, 93], "excluded_lines": []}, "ContextCache.set": {"executed_lines": [], "summary": {"covered_lines": 0, "num_statements": 8, "percent_covered": 0.0, "percent_covered_display": "0", "missing_lines": 8, "excluded_lines": 0}, "missing_lines": [107, 110, 111, 112, 114, 115, 117, 118], "excluded_lines": []}, "ContextCache.invalidate": {"executed_lines": [], "summary": {"covered_lines": 0, "num_statements": 3, "percent_covered": 0.0, "percent_covered_display": "0", "missing_lines": 3, "excluded_lines": 0}, "missing_lines": [127, 128, 129], "excluded_lines": []}, "ContextCache.invalidate_pattern": {"executed_lines": [], "summary": {"covered_lines": 0, "num_statements": 5, "percent_covered": 0.0, "percent_covered_display": "0", "missing_lines": 5, "excluded_lines": 0}, "missing_lines": [143, 145, 146, 148, 149], "excluded_lines": []}, "ContextCache.clear": {"executed_lines": [], "summary": {"covered_lines": 0, "num_statements": 4, "percent_covered": 0.0, "percent_covered_display": "0", "missing_lines": 4, "excluded_lines": 0}, "missing_lines": [153, 154, 155, 156], "excluded_lines": []}, "ContextCache.get_stats": {"executed_lines": [], "summary": {"covered_lines": 0, "num_statements": 3, "percent_covered": 0.0, "percent_covered_display": "0", "missing_lines": 3, "excluded_lines": 0}, "missing_lines": [165, 166, 168], "excluded_lines": []}, "": {"executed_lines": [], "summary": {"covered_lines": 0, "num_statements": 15, "percent_covered": 0.0, "percent_covered_display": "0", "missing_lines": 15, "excluded_lines": 0}, "missing_lines": [9, 10, 11, 12, 14, 17, 18, 25, 50, 64, 95, 120, 131, 151, 158], "excluded_lines": []}}, "classes": {"CacheEntry": {"executed_lines": [], "summary": {"covered_lines": 0, "num_statements": 0, "percent_covered": 100.0, "percent_covered_display": "100", "missing_lines": 0, "excluded_lines": 0}, "missing_lines": [], "excluded_lines": []}, "ContextCache": {"executed_lines": [], "summary": {"covered_lines": 0, "num_statements": 41, "percent_covered": 0.0, "percent_covered_display": "0", "missing_lines": 41, "excluded_lines": 0}, "missing_lines": [58, 59, 60, 61, 62, 76, 78, 79, 80, 81, 84, 86, 87, 88, 89, 91, 92, 93, 107, 110, 111, 112, 114, 115, 117, 118, 127, 128, 129, 143, 145, 146, 148, 149, 153, 154, 155, 156, 165, 166, 168], "excluded_lines": []}, "": {"executed_lines": [], "summary": {"covered_lines": 0, "num_statements": 15, "percent_covered": 0.0, "percent_covered_display": "0", "missing_lines": 15, "excluded_lines": 0}, "missing_lines": [9, 10, 11, 12, 14, 17, 18, 25, 50, 64, 95, 120, 131, 151, 158], "excluded_lines": []}}}, "gao_dev\\core\\context\\context_usage_tracker.py": {"executed_lines": [], "summary": {"covered_lines": 0, "num_statements": 90, "percent_covered": 0.0, "percent_covered_display": "0", "missing_lines": 90, "excluded_lines": 0}, "missing_lines": [8, 9, 10, 11, 12, 13, 15, 18, 51, 60, 61, 63, 65, 67, 68, 83, 88, 93, 98, 100, 102, 103, 110, 111, 112, 113, 115, 117, 137, 138, 152, 154, 161, 185, 186, 188, 189, 190, 192, 193, 194, 196, 197, 198, 200, 201, 202, 204, 205, 206, 208, 214, 216, 217, 218, 220, 234, 235, 247, 249, 264, 265, 267, 268, 269, 271, 272, 273, 275, 276, 277, 279, 280, 289, 290, 291, 292, 293, 295, 302, 313, 314, 316, 317, 319, 324, 326, 327, 329, 330], "excluded_lines": [], "functions": {"ContextUsageTracker.__init__": {"executed_lines": [], "summary": {"covered_lines": 0, "num_statements": 2, "percent_covered": 0.0, "percent_covered_display": "0", "missing_lines": 2, "excluded_lines": 0}, "missing_lines": [60, 61], "excluded_lines": []}, "ContextUsageTracker._init_db": {"executed_lines": [], "summary": {"covered_lines": 0, "num_statements": 8, "percent_covered": 0.0, "percent_covered_display": "0", "missing_lines": 8, "excluded_lines": 0}, "missing_lines": [65, 67, 68, 83, 88, 93, 98, 100], "excluded_lines": []}, "ContextUsageTracker._get_connection": {"executed_lines": [], "summary": {"covered_lines": 0, "num_statements": 5, "percent_covered": 0.0, "percent_covered_display": "0", "missing_lines": 5, "excluded_lines": 0}, "missing_lines": [110, 111, 112, 113, 115], "excluded_lines": []}, "ContextUsageTracker.record_usage": {"executed_lines": [], "summary": {"covered_lines": 0, "num_statements": 4, "percent_covered": 0.0, "percent_covered_display": "0", "missing_lines": 4, "excluded_lines": 0}, "missing_lines": [137, 138, 152, 154], "excluded_lines": []}, "ContextUsageTracker.get_usage_history": {"executed_lines": [], "summary": {"covered_lines": 0, "num_statements": 22, "percent_covered": 0.0, "percent_covered_display": "0", "missing_lines": 22, "excluded_lines": 0}, "missing_lines": [185, 186, 188, 189, 190, 192, 193, 194, 196, 197, 198, 200, 201, 202, 204, 205, 206, 208, 214, 216, 217, 218], "excluded_lines": []}, "ContextUsageTracker.get_context_versions": {"executed_lines": [], "summary": {"covered_lines": 0, "num_statements": 3, "percent_covered": 0.0, "percent_covered_display": "0", "missing_lines": 3, "excluded_lines": 0}, "missing_lines": [234, 235, 247], "excluded_lines": []}, "ContextUsageTracker.get_cache_hit_rate": {"executed_lines": [], "summary": {"covered_lines": 0, "num_statements": 19, "percent_covered": 0.0, "percent_covered_display": "0", "missing_lines": 19, "excluded_lines": 0}, "missing_lines": [264, 265, 267, 268, 269, 271, 272, 273, 275, 276, 277, 279, 280, 289, 290, 291, 292, 293, 295], "excluded_lines": []}, "ContextUsageTracker.clear_history": {"executed_lines": [], "summary": {"covered_lines": 0, "num_statements": 10, "percent_covered": 0.0, "percent_covered_display": "0", "missing_lines": 10, "excluded_lines": 0}, "missing_lines": [313, 314, 316, 317, 319, 324, 326, 327, 329, 330], "excluded_lines": []}, "": {"executed_lines": [], "summary": {"covered_lines": 0, "num_statements": 17, "percent_covered": 0.0, "percent_covered_display": "0", "missing_lines": 17, "excluded_lines": 0}, "missing_lines": [8, 9, 10, 11, 12, 13, 15, 18, 51, 63, 102, 103, 117, 161, 220, 249, 302], "excluded_lines": []}}, "classes": {"ContextUsageTracker": {"executed_lines": [], "summary": {"covered_lines": 0, "num_statements": 73, "percent_covered": 0.0, "percent_covered_display": "0", "missing_lines": 73, "excluded_lines": 0}, "missing_lines": [60, 61, 65, 67, 68, 83, 88, 93, 98, 100, 110, 111, 112, 113, 115, 137, 138, 152, 154, 185, 186, 188, 189, 190, 192, 193, 194, 196, 197, 198, 200, 201, 202, 204, 205, 206, 208, 214, 216, 217, 218, 234, 235, 247, 264, 265, 267, 268, 269, 271, 272, 273, 275, 276, 277, 279, 280, 289, 290, 291, 292, 293, 295, 313, 314, 316, 317, 319, 324, 326, 327, 329, 330], "excluded_lines": []}, "": {"executed_lines": [], "summary": {"covered_lines": 0, "num_statements": 17, "percent_covered": 0.0, "percent_covered_display": "0", "missing_lines": 17, "excluded_lines": 0}, "missing_lines": [8, 9, 10, 11, 12, 13, 15, 18, 51, 63, 102, 103, 117, 161, 220, 249, 302], "excluded_lines": []}}}, "gao_dev\\core\\env_config.py": {"executed_lines": [], "summary": {"covered_lines": 0, "num_statements": 74, "percent_covered": 0.0, "percent_covered_display": "0", "missing_lines": 74, "excluded_lines": 0}, "missing_lines": [7, 8, 9, 10, 11, 14, 17, 25, 32, 33, 34, 35, 37, 44, 47, 48, 49, 52, 54, 60, 61, 63, 64, 65, 67, 73, 75, 90, 93, 94, 95, 99, 101, 102, 103, 104, 106, 107, 109, 119, 121, 122, 124, 125, 126, 129, 131, 141, 143, 144, 146, 147, 148, 151, 153, 163, 165, 166, 168, 169, 170, 171, 172, 173, 180, 182, 189, 191, 192, 196, 199, 211, 212, 214], "excluded_lines": [], "functions": {"EnvConfig.__init__": {"executed_lines": [], "summary": {"covered_lines": 0, "num_statements": 4, "percent_covered": 0.0, "percent_covered_display": "0", "missing_lines": 4, "excluded_lines": 0}, "missing_lines": [32, 33, 34, 35], "excluded_lines": []}, "EnvConfig._find_project_root": {"executed_lines": [], "summary": {"covered_lines": 0, "num_statements": 5, "percent_covered": 0.0, "percent_covered_display": "0", "missing_lines": 5, "excluded_l
[...]
Substitutor.validate_value": {"executed_lines": [], "summary": {"covered_lines": 0, "num_statements": 5, "percent_covered": 0.0, "percent_covered_display": "0", "missing_lines": 5, "excluded_lines": 0}, "missing_lines": [240, 241, 244, 245, 248], "excluded_lines": []}, "TemplateSubstitutor.rollback_substitution": {"executed_lines": [], "summary": {"covered_lines": 0, "num_statements": 16, "percent_covered": 0.0, "percent_covered_display": "0", "missing_lines": 16, "excluded_lines": 0}, "missing_lines": [262, 264, 265, 267, 269, 270, 271, 273, 276, 277, 278, 280, 281, 283, 284, 285], "excluded_lines": []}, "TemplateSubstitutor._get_text_files": {"executed_lines": [], "summary": {"covered_lines": 0, "num_statements": 11, "percent_covered": 0.0, "percent_covered_display": "0", "missing_lines": 11, "excluded_lines": 0}, "missing_lines": [297, 299, 300, 303, 304, 307, 309, 310, 311, 312, 313], "excluded_lines": []}, "TemplateSubstitutor._find_unsubstituted_variables": {"executed_lines": [], "summary": {"covered_lines": 0, "num_statements": 2, "percent_covered": 0.0, "percent_covered_display": "0", "missing_lines": 2, "excluded_lines": 0}, "missing_lines": [325, 326], "excluded_lines": []}, "": {"executed_lines": [], "summary": {"covered_lines": 0, "num_statements": 31, "percent_covered": 0.0, "percent_covered_display": "0", "missing_lines": 31, "excluded_lines": 0}, "missing_lines": [3, 4, 5, 6, 7, 8, 10, 12, 13, 15, 18, 19, 22, 25, 28, 31, 32, 35, 36, 37, 38, 39, 42, 55, 62, 66, 165, 225, 250, 287, 315], "excluded_lines": []}}, "classes": {"SubstitutionError": {"executed_lines": [], "summary": {"covered_lines": 0, "num_statements": 0, "percent_covered": 100.0, "percent_covered_display": "100", "missing_lines": 0, "excluded_lines": 0}, "missing_lines": [], "excluded_lines": []}, "SubstitutionResult": {"executed_lines": [], "summary": {"covered_lines": 0, "num_statements": 0, "percent_covered": 100.0, "percent_covered_display": "100", "missing_lines": 0, "excluded_lines": 0}, "missing_lines": [], "excluded_lines": []}, "TemplateSubstitutor": {"executed_lines": [], "summary": {"covered_lines": 0, "num_statements": 98, "percent_covered": 0.0, "percent_covered_display": "0", "missing_lines": 98, "excluded_lines": 0}, "missing_lines": [64, 86, 88, 89, 91, 94, 97, 98, 99, 100, 105, 106, 112, 115, 116, 117, 119, 120, 126, 127, 129, 130, 132, 133, 134, 137, 139, 140, 141, 143, 144, 145, 146, 149, 150, 153, 155, 163, 180, 182, 183, 185, 186, 189, 191, 192, 193, 194, 195, 197, 200, 202, 203, 204, 205, 206, 208, 211, 212, 213, 215, 217, 218, 223, 240, 241, 244, 245, 248, 262, 264, 265, 267, 269, 270, 271, 273, 276, 277, 278, 280, 281, 283, 284, 285, 297, 299, 300, 303, 304, 307, 309, 310, 311, 312, 313, 325, 326], "excluded_lines": []}, "": {"executed_lines": [], "summary": {"covered_lines": 0, "num_statements": 31, "percent_covered": 0.0, "percent_covered_display": "0", "missing_lines": 31, "excluded_lines": 0}, "missing_lines": [3, 4, 5, 6, 7, 8, 10, 12, 13, 15, 18, 19, 22, 25, 28, 31, 32, 35, 36, 37, 38, 39, 42, 55, 62, 66, 165, 225, 250, 287, 315], "excluded_lines": []}}}, "gao_dev\\tools\\__init__.py": {"executed_lines": [], "summary": {"covered_lines": 0, "num_statements": 2, "percent_covered": 0.0, "percent_covered_display": "0", "missing_lines": 2, "excluded_lines": 0}, "missing_lines": [3, 18], "excluded_lines": [], "functions": {"": {"executed_lines": [], "summary": {"covered_lines": 0, "num_statements": 2, "percent_covered": 0.0, "percent_covered_display": "0", "missing_lines": 2, "excluded_lines": 0}, "missing_lines": [3, 18], "excluded_lines": []}}, "classes": {"": {"executed_lines": [], "summary": {"covered_lines": 0, "num_statements": 2, "percent_covered": 0.0, "percent_covered_display": "0", "missing_lines": 2, "excluded_lines": 0}, "missing_lines": [3, 18], "excluded_lines": []}}}, "gao_dev\\tools\\gao_tools.py": {"executed_lines": [], "summary": {"covered_lines": 0, "num_statements": 185, "percent_covered": 0.0, "percent_covered_display": "0", "missing_lines": 185, "excluded_lines": 0}, "missing_lines": [3, 4, 5, 6, 9, 21, 22, 23, 24, 25, 26, 29, 32, 33, 34, 37, 40, 41, 42, 43, 46, 49, 50, 51, 54, 57, 58, 59, 62, 65, 66, 67, 70, 73, 74, 75, 82, 87, 89, 90, 92, 94, 95, 96, 104, 105, 106, 107, 109, 110, 111, 112, 113, 114, 116, 124, 129, 131, 132, 134, 136, 137, 144, 145, 146, 147, 148, 149, 151, 152, 153, 154, 155, 157, 158, 160, 161, 163, 171, 176, 178, 179, 181, 182, 184, 185, 186, 193, 194, 196, 198, 199, 200, 202, 203, 204, 205, 206, 207, 209, 210, 212, 213, 215, 221, 222, 234, 239, 241, 243, 244, 246, 248, 249, 256, 264, 269, 271, 273, 274, 275, 277, 279, 280, 287, 295, 300, 302, 304, 305, 307, 315, 320, 322, 324, 326, 327, 329, 330, 331, 332, 334, 336, 348, 353, 355, 357, 358, 360, 361, 368, 376, 381, 383, 385, 386, 389, 390, 391, 399, 400, 401, 408, 416, 421, 423, 425, 426, 428, 429, 436, 448, 453, 455, 457, 459, 460, 461, 463, 464, 465, 466, 467, 469, 481], "excluded_lines": [], "functions": {"_get_config": {"executed_lines": [], "summary": {"covered_lines": 0, "num_statements": 3, "percent_covered": 0.0, "percent_covered_display": "0", "missing_lines": 3, "excluded_lines": 0}, "missing_lines": [32, 33, 34], "excluded_lines": []}, "_get_registry": {"executed_lines": [], "summary": {"covered_lines": 0, "num_statements": 4, "percent_covered": 0.0, "percent_covered_display": "0", "missing_lines": 4, "excluded_lines": 0}, "missing_lines": [40, 41, 42, 43], "excluded_lines": []}, "_get_executor": {"executed_lines": [], "summary": {"covered_lines": 0, "num_statements": 3, "percent_covered": 0.0, "percent_covered_display": "0", "missing_lines": 3, "excluded_lines": 0}, "missing_lines": [49, 50, 51], "excluded_lines": []}, "_get_state_manager": {"executed_lines": [], "summary": {"covered_lines": 0, "num_statements": 3, "percent_covered": 0.0, "percent_covered_display": "0", "missing_lines": 3, "excluded_lines": 0}, "missing_lines": [57, 58, 59], "excluded_lines": []}, "_get_git_manager": {"executed_lines": [], "summary": {"covered_lines": 0, "num_statements": 3, "percent_covered": 0.0, "percent_covered_display": "0", "missing_lines": 3, "excluded_lines": 0}, "missing_lines": [65, 66, 67], "excluded_lines": []}, "_get_health_checker": {"executed_lines": [], "summary": {"covered_lines": 0, "num_statements": 3, "percent_covered": 0.0, "percent_covered_display": "0", "missing_lines": 3, "excluded_lines": 0}, "missing_lines": [73, 74, 75], "excluded_lines": []}, "list_workflows": {"executed_lines": [], "summary": {"covered_lines": 0, "num_statements": 17, "percent_covered": 0.0, "percent_covered_display": "0", "missing_lines": 17, "excluded_lines": 0}, "missing_lines": [89, 90, 92, 94, 95, 96, 104, 105, 106, 107, 109, 110, 111, 112, 113, 114, 116], "excluded_lines": []}, "get_workflow": {"executed_lines": [], "summary": {"covered_lines": 0, "num_statements": 21, "percent_covered": 0.0, "percent_covered_display": "0", "missing_lines": 21, "excluded_lines": 0}, "missing_lines": [131, 132, 134, 136, 137, 144, 145, 146, 147, 148, 149, 151, 152, 153, 154, 155, 157, 158, 160, 161, 163], "excluded_lines": []}, "execute_workflow": {"executed_lines": [], "summary": {"covered_lines": 0, "num_statements": 26, "percent_covered": 0.0, "percent_covered_display": "0", "missing_lines": 26, "excluded_lines": 0}, "missing_lines": [178, 179, 181, 182, 184, 185, 186, 193, 194, 196, 198, 199, 200, 202, 203, 204, 205, 206, 207, 209, 210, 212, 213, 215, 221, 222], "excluded_lines": []}, "get_story_status": {"executed_lines": [], "summary": {"covered_lines": 0, "num_statements": 7, "percent_covered": 0.0, "percent_covered_display": "0", "missing_lines": 7, "excluded_lines": 0}, "missing_lines": [241, 243, 244, 246, 248, 249, 256], "excluded_lines": []}, "set_story_status": {"executed_lines": [], "summary": {"covered_lines": 0, "num_statements": 8, "percent_covered": 0.0, "percent_covered_display": "0", "missing_lines": 8, "excluded_lines": 0}, "missing_lines": [271, 273, 274, 275, 277, 279, 280, 287], "excluded_lines": []}, "ensure_story_directory": {"executed_lines": [], "summary": {"covered_lines": 0, "num_statements": 4, "percent_covered": 0.0, "percent_covered_display": "0", "missing_lines": 4, "excluded_lines": 0}, "missing_lines": [302, 304, 305, 307], "excluded_lines": []}, "get_sprint_status": {"executed_lines": [], "summary": {"covered_lines": 0, "num_statements": 10, "percent_covered": 0.0, "percent_covered_display": "0", "missing_lines": 10, "excluded_lines": 0}, "missing_lines": [322, 324, 326, 327, 329, 330, 331, 332, 334, 336], "excluded_lines": []}, "git_create_branch": {"executed_lines": [], "summary": {"covered_lines": 0, "num_statements": 6, "percent_covered": 0.0, "percent_covered_display": "0", "missing_lines": 6, "excluded_lines": 0}, "missing_lines": [355, 357, 358, 360, 361, 368], "excluded_lines": []}, "git_commit": {"executed_lines": [], "summary": {"covered_lines": 0, "num_statements": 10, "percent_covered": 0.0, "percent_covered_display": "0", "missing_lines": 10, "excluded_lines": 0}, "missing_lines": [383, 385, 386, 389, 390, 391, 399, 400, 401, 408], "excluded_lines": []}, "git_merge_branch": {"executed_lines": [], "summary": {"covered_lines": 0, "num_statements": 6, "percent_covered": 0.0, "percent_covered_display": "0", "missing_lines": 6, "excluded_lines": 0}, "missing_lines": [423, 425, 426, 428, 429, 436], "excluded_lines": []}, "health_check": {"executed_lines": [], "summary": {"covered_lines": 0, "num_statements": 11, "percent_covered": 0.0, "percent_covered_display": "0", "missing_lines": 11, "excluded_lines": 0}, "missing_lines": [455, 457, 459, 460, 461, 463, 464, 465, 466, 467, 469], "excluded_lines": []}, "": {"executed_lines": [], "summary": {"covered_lines": 0, "num_statements": 40, "percent_covered": 0.0, "percent_covered_display": "0", "missing_lines": 40, "excluded_lines": 0}, "missing_lines": [3, 4, 5, 6, 9, 21, 22, 23, 24, 25, 26, 29, 37, 46, 54, 62, 70, 82, 87, 124, 129, 171, 176, 234, 239, 264, 269, 295, 300, 315, 320, 348, 353, 376, 381, 416, 421, 448, 453, 481], "excluded_lines": []}}, "classes": {"": {"executed_lines": [], "summary": {"covered_lines": 0, "num_statements": 185, "percent_covered": 0.0, "percent_covered_display": "0", "missing_lines": 185, "excluded_lines": 0}, "missing_lines": [3, 4, 5, 6, 9, 21, 22, 23, 24, 25, 26, 29, 32, 33, 34, 37, 40, 41, 42, 43, 46, 49, 50, 51, 54, 57, 58, 59, 62, 65, 66, 67, 70, 73, 74, 75, 82, 87, 89, 90, 92, 94, 95, 96, 104, 105, 106, 107, 109, 110, 111, 112, 113, 114, 116, 124, 129, 131, 132, 134, 136, 137, 144, 145, 146, 147, 148, 149, 151, 152, 153, 154, 155, 157, 158, 160, 161, 163, 171, 176, 178, 179, 181, 182, 184, 185, 186, 193, 194, 196, 198, 199, 200, 202, 203, 204, 205, 206, 207, 209, 210, 212, 213, 215, 221, 222, 234, 239, 241, 243, 244, 246, 248, 249, 256, 264, 269, 271, 273, 274, 275, 277, 279, 280, 287, 295, 300, 302, 304, 305, 307, 315, 320, 322, 324, 326, 327, 329, 330, 331, 332, 334, 336, 348, 353, 355, 357, 358, 360, 361, 368, 376, 381, 383, 385, 386, 389, 390, 391, 399, 400, 401, 408, 416, 421, 423, 425, 426, 428, 429, 436, 448, 453, 455, 457, 459, 460, 461, 463, 464, 465, 466, 467, 469, 481], "excluded_lines": []}}}, "gao_dev\\workflows\\__init__.py": {"executed_lines": [], "summary": {"covered_lines": 0, "num_statements": 3, "percent_covered": 0.0, "percent_covered_display": "0", "missing_lines": 3, "excluded_lines": 0}, "missing_lines": [7, 9, 17], "excluded_lines": [], "functions": {"": {"executed_lines": [], "summary": {"covered_lines": 0, "num_statements": 3, "percent_covered": 0.0, "percent_covered_display": "0", "missing_lines": 3, "excluded_lines": 0}, "missing_lines": [7, 9, 17], "excluded_lines": []}}, "classes": {"": {"executed_lines": [], "summary": {"covered_lines": 0, "num_statements": 3, "percent_covered": 0.0, "percent_covered_display": "0", "missing_lines": 3, "excluded_lines": 0}, "missing_lines": [7, 9, 17], "excluded_lines": []}}}, "gao_dev\\workflows\\base.py": {"executed_lines": [], "summary": {"covered_lines": 0, "num_statements": 57, "percent_covered": 0.0, "percent_covered_display": "0", "missing_lines": 57, "excluded_lines": 0}, "missing_lines": [8, 9, 10, 12, 13, 18, 25, 60, 76, 77, 78, 79, 81, 82, 84, 86, 87, 89, 91, 92, 94, 96, 97, 99, 101, 122, 124, 125, 130, 133, 136, 139, 146, 148, 149, 151, 156, 173, 174, 177, 179, 189, 191, 203, 205, 206, 221, 223, 240, 242, 251, 252, 253, 255, 257, 263, 265], "excluded_lines": [], "functions": {"BaseWorkflow.__init__": {"executed_lines": [], "summary": {"covered_lines": 0, "num_statements": 4, "percent_covered": 0.0, "percent_covered_display": "0", "missing_lines": 4, "excluded_lines": 0}, "missing_lines": [76, 77, 78, 79], "excluded_lines": []}, "BaseWorkflow.identifier": {"executed_lines": [], "summary": {"covered_lines": 0, "num_statements": 1, "percent_covered": 0.0, "percent_covered_display": "0", "missing_lines": 1, "excluded_lines": 0}, "missing_lines": [84], "excluded_lines": []}, "BaseWorkflow.description": {"executed_lines": [], "summary": {"covered_lines": 0, "num_statements": 1, "percent_covered": 0.0, "percent_covered_display": "0", "missing_lines": 1, "excluded_lines": 0}, "missing_lines": [89], "excluded_lines": []}, "BaseWorkflow.required_tools": {"executed_lines": [], "summary": {"covered_lines": 0, "num_statements": 1, "percent_covered": 0.0, "percent_covered_display": "0", "missing_lines": 1, "excluded_lines": 0}, "missing_lines": [94], "excluded_lines": []}, "BaseWorkflow.output_file": {"executed_lines": [], "summary": {"covered_lines": 0, "num_statements": 1, "percent_covered": 0.0, "percent_covered_display": "0", "missing_lines": 1, "excluded_lines": 0}, "missing_lines": [99], "excluded_lines": []}, "BaseWorkflow.execute": {"executed_lines": [], "summary": {"covered_lines": 0, "num_statements": 11, "percent_covered": 0.0, "percent_covered_display": "0", "missing_lines": 11, "excluded_lines": 0}, "missing_lines": [122, 124, 125, 130, 133, 136, 139, 146, 148, 149, 151], "excluded_lines": []}, "BaseWorkflow.validate_context": {"executed_lines": [], "summary": {"covered_lines": 0, "num_statements": 3, "percent_covered": 0.0, "percent_covered_display": "0", "missing_lines": 3, "excluded_lines": 0}, "missing_lines": [173, 174, 177], "excluded_lines": []}, "BaseWorkflow._validate_context_impl": {"executed_lines": [], "summary": {"covered_lines": 0, "num_statements": 1, "percent_covered": 0.0, "percent_covered_display": "0", "missing_lines": 1, "excluded_lines": 0}, "missing_lines": [189], "excluded_lines": []}, "BaseWorkflow._pre_execute": {"executed_lines": [], "summary": {"covered_lines": 0, "num_statements": 1, "percent_covered": 0.0, "percent_covered_display": "0", "missing_lines": 1, "excluded_lines": 0}, "missing_lines": [203], "excluded_lines": []}, "BaseWorkflow._execute_impl": {"executed_lines": [], "summary": {"covered_lines": 0, "num_statements": 1, "percent_covered": 0.0, "percent_covered_display": "0", "missing_lines": 1, "excluded_lines": 0}, "missing_lines": [221], "excluded_lines": []}, "BaseWorkflow._post_execute": {"executed_lines": [], "summary": {"covered_lines": 0, "num_statements": 1, "percent_covered": 0.0, "percent_covered_display": "0", "missing_lines": 1, "excluded_lines": 0}, "missing_lines": [240], "excluded_lines": []}, "BaseWorkflow.get_expected_artifacts": {"executed_lines": [], "summary": {"covered_lines": 0, "num_statements": 3, "percent_covered": 0.0, "percent_covered_display": "0", "missing_lines": 3, "excluded_lines": 0}, "missing_lines": [251, 252, 253], "excluded_lines": []}, "BaseWorkflow.__repr__": {"executed_lines": [], "summary": {"covered_lines": 0, "num_statements": 1, "percent_covered": 0.0, "percent_covered_display": "0", "missing_lines": 1, "excluded_lines": 0}, "missing_lines": [257], "excluded_lines": []}, "BaseWorkflow.__str__": {"executed_lines": [], "summary": {"covered_lines": 0, "num_statements": 1, "percent_covered": 0.0, "percent_covered_display": "0", "missing_lines": 1, "excluded_lines": 0}, "missing_lines": [265], "excluded_lines": []}, "": {"executed_lines": [], "summary": {"covered_lines": 0, "num_statements": 26, "percent_covered": 0.0, "percent_covered_display": "0", "missing_lines": 26, "excluded_lines": 0}, "missing_lines": [8, 9, 10, 12, 13, 18, 25, 60, 81, 82, 86, 87, 91, 92, 96, 97, 101, 156, 179, 191, 205, 206, 223, 242, 255, 263], "excluded_lines": []}}, "classes": {"BaseWorkflow": {"executed_lines": [], "summary": {"covered_lines": 0, "num_statements": 31, "percent_covered": 0.0, "percent_covered_display": "0", "missing_lines": 31, "excluded_lines": 0}, "missing_lines": [76, 77, 78, 79, 84, 89, 94, 99, 122, 124, 125, 130, 133, 136, 139, 146, 148, 149, 151, 173, 174, 177, 189, 203, 221, 240, 251, 252, 253, 257, 265], "excluded_lines": []}, "": {"executed_lines": [], "summary": {"covered_lines": 0, "num_statements": 26, "percent_covered": 0.0, "percent_covered_display": "0", "missing_lines": 26, "excluded_lines": 0}, "missing_lines": [8, 9, 10, 12, 13, 18, 25, 60, 81, 82, 86, 87, 91, 92, 96, 97, 101, 156, 179, 191, 205, 206, 223, 242, 255, 263], "excluded_lines": []}}}, "gao_dev\\workflows\\exceptions.py": {"executed_lines": [], "summary": {"covered_lines": 0, "num_statements": 20, "percent_covered": 0.0, "percent_covered_display": "0", "missing_lines": 20, "excluded_lines": 0}, "missing_lines": [8, 10, 13, 21, 30, 31, 32, 34, 36, 37, 38, 39, 40, 41, 44, 46, 49, 51, 54, 56], "excluded_lines": [], "functions": {"WorkflowExecutionError.__init__": {"executed_lines": [], "summary": {"covered_lines": 0, "num_statements": 3, "percent_covered": 0.0, "percent_covered_display": "0", "missing_lines": 3, "excluded_lines": 0}, "missing_lines": [30, 31, 32], "excluded_lines": []}, "WorkflowExecutionError.__str__": {"executed_lines": [], "summary": {"covered_lines": 0, "num_statements": 6, "percent_covered": 0.0, "percent_covered_display": "0", "missing_lines": 6, "excluded_lines": 0}, "missing_lines": [36, 37, 38, 39, 40, 41], "excluded_lines": []}, "": {"executed_lines": [], "summary": {"covered_lines": 0, "num_statements": 11, "percent_covered": 0.0, "percent_covered_display": "0", "missing_lines": 11, "excluded_lines": 0}, "missing_lines": [8, 10, 13, 21, 34, 44, 46, 49, 51, 54, 56], "excluded_lines": []}}, "classes": {"WorkflowError": {"executed_lines": [], "summary": {"covered_lines": 0, "num_statements": 0, "percent_covered": 100.0, "percent_covered_display": "100", "missing_lines": 0, "excluded_lines": 0}, "missing_lines": [], "excluded_lines": []}, "WorkflowExecutionError": {"executed_lines": [], "summary": {"covered_lines": 0, "num_statements": 9, "percent_covered": 0.0, "percent_covered_display": "0", "missing_lines": 9, "excluded_lines": 0}, "missing_lines": [30, 31, 32, 36, 37, 38, 39, 40, 41], "excluded_lines": []}, "WorkflowValidationError": {"executed_lines": [], "summary": {"covered_lines": 0, "num_statements": 0, "percent_covered": 100.0, "percent_covered_display": "100", "missing_lines": 0, "excluded_lines": 0}, "missing_lines": [], "excluded_lines": []}, "WorkflowNotFoundError": {"executed_lines": [], "summary": {"covered_lines": 0, "num_statements": 0, "percent_covered": 100.0, "percent_covered_display": "100", "missing_lines": 0, "excluded_lines": 0}, "missing_lines": [], "excluded_lines": []}, "WorkflowContextError": {"executed_lines": [], "summary": {"covered_lines": 0, "num_statements": 0, "percent_covered": 100.0, "percent_covered_display": "100", "missing_lines": 0, "excluded_lines": 0}, "missing_lines": [], "excluded_lines": []}, "": {"executed_lines": [], "summary": {"covered_lines": 0, "num_statements": 11, "percent_covered": 0.0, "percent_covered_display": "0", "missing_lines": 11, "excluded_lines": 0}, "missing_lines": [8, 10, 13, 21, 34, 44, 46, 49, 51, 54, 56], "excluded_lines": []}}}}, "totals": {"covered_lines": 920, "num_statements": 14290, "percent_covered": 6.438068579426172, "percent_covered_display": "6", "missing_lines": 13370, "excluded_lines": 13}}